开始生成 TSH-13（4 级，最长 120 秒）
TSH-13   0.1% π 方案 1/1：验证全提示基线
TSH-13   0.5% π 方案 1/1：贪心删减 1/214，保留 213 个数字
TSH-13   0.7% π 方案 1/1：贪心删减 2/214，保留 212 个数字
TSH-13   0.8% π 方案 1/1：贪心删减 3/214，保留 211 个数字
TSH-13   1.0% π 方案 1/1：贪心删减 4/214，保留 210 个数字
TSH-13   1.1% π 方案 1/1：贪心删减 5/214，保留 209 个数字
TSH-13   1.3% π 方案 1/1：贪心删减 6/214，保留 208 个数字
TSH-13   1.4% π 方案 1/1：贪心删减 7/214，保留 207 个数字
TSH-13   1.6% π 方案 1/1：贪心删减 8/214，保留 206 个数字
TSH-13   1.8% π 方案 1/1：贪心删减 9/214，保留 205 个数字
TSH-13   1.9% π 方案 1/1：贪心删减 10/214，保留 204 个数字
TSH-13   2.0% π 方案 1/1：贪心删减 11/214，保留 203 个数字
TSH-13   2.2% π 方案 1/1：贪心删减 12/214，保留 202 个数字
TSH-13   2.3% π 方案 1/1：贪心删减 13/214，保留 201 个数字
TSH-13   2.5% π 方案 1/1：贪心删减 14/214，保留 200 个数字
TSH-13   2.6% π 方案 1/1：贪心删减 15/214，保留 199 个数字
TSH-13   2.8% π 方案 1/1：贪心删减 16/214，保留 198 个数字
TSH-13   3.0% π 方案 1/1：贪心删减 17/214，保留 197 个数字
TSH-13   3.1% π 方案 1/1：贪心删减 18/214，保留 196 个数字
TSH-13   3.3% π 方案 1/1：贪心删减 19/214，保留 195 个数字
TSH-13   3.4% π 方案 1/1：贪心删减 20/214，保留 194 个数字
TSH-13   3.6% π 方案 1/1：贪心删减 21/214，保留 193 个数字
TSH-13   3.8% π 方案 1/1：贪心删减 22/214，保留 192 个数字
TSH-13   4.0% π 方案 1/1：贪心删减 23/214，保留 191 个数字
TSH-13   4.2% π 方案 1/1：贪心删减 24/214，保留 190 个数字
TSH-13   4.3% π 方案 1/1：贪心删减 25/214，保留 189 个数字
TSH-13   4.5% π 方案 1/1：贪心删减 26/214，保留 188 个数字
TSH-13   4.7% π 方案 1/1：贪心删减 27/214，保留 187 个数字
TSH-13   4.8% π 方案 1/1：贪心删减 28/214，保留 186 个数字
TSH-13   5.0% π 方案 1/1：贪心删减 29/214，保留 185 个数字
TSH-13   5.2% π 方案 1/1：贪心删减 30/214，保留 184 个数字
TSH-13   5.3% π 方案 1/1：贪心删减 31/214，保留 183 个数字
TSH-13   5.5% π 方案 1/1：贪心删减 32/214，保留 182 个数字
TSH-13   5.7% π 方案 1/1：贪心删减 33/214，保留 181 个数字
TSH-13   5.8% π 方案 1/1：贪心删减 34/214，保留 180 个数字
TSH-13   6.1% π 方案 1/1：贪心删减 35/214，保留 179 个数字
TSH-13   6.3% π 方案 1/1：贪心删减 36/214，保留 178 个数字
TSH-13   6.5% π 方案 1/1：贪心删减 37/214，保留 177 个数字
TSH-13   6.7% π 方案 1/1：贪心删减 38/214，保留 176 个数字
TSH-13   6.8% π 方案 1/1：贪心删减 39/214，保留 175 个数字
TSH-13   7.0% π 方案 1/1：贪心删减 40/214，保留 174 个数字
TSH-13   7.1% π 方案 1/1：贪心删减 41/214，保留 173 个数字
TSH-13   7.3% π 方案 1/1：贪心删减 42/214，保留 172 个数字
TSH-13   7.5% π 方案 1/1：贪心删减 43/214，保留 171 个数字
TSH-13   7.7% π 方案 1/1：贪心删减 44/214，保留 170 个数字
TSH-13   7.9% π 方案 1/1：贪心删减 45/214，保留 169 个数字
TSH-13   8.1% π 方案 1/1：贪心删减 46/214，保留 168 个数字
TSH-13   8.3% π 方案 1/1：贪心删减 47/214，保留 167 个数字
TSH-13   8.4% π 方案 1/1：贪心删减 48/214，保留 166 个数字
TSH-13   8.6% π 方案 1/1：贪心删减 49/214，保留 165 个数字
TSH-13   8.8% π 方案 1/1：贪心删减 50/214，保留 164 个数字
TSH-13   9.0% π 方案 1/1：贪心删减 51/214，保留 163 个数字
TSH-13   9.1% π 方案 1/1：贪心删减 52/214，保留 162 个数字
TSH-13   9.3% π 方案 1/1：贪心删减 53/214，保留 161 个数字
TSH-13   9.5% π 方案 1/1：贪心删减 54/214，保留 160 个数字
TSH-13   9.6% π 方案 1/1：贪心删减 55/214，保留 159 个数字
TSH-13   9.8% π 方案 1/1：贪心删减 56/214，保留 158 个数字
TSH-13   9.9% π 方案 1/1：贪心删减 57/214，保留 157 个数字
TSH-13  10.1% π 方案 1/1：贪心删减 58/214，保留 156 个数字
TSH-13  10.3% π 方案 1/1：贪心删减 59/214，保留 155 个数字
TSH-13  10.5% π 方案 1/1：贪心删减 60/214，保留 154 个数字
TSH-13  10.6% π 方案 1/1：贪心删减 61/214，保留 153 个数字
TSH-13  10.8% π 方案 1/1：贪心删减 62/214，保留 152 个数字
TSH-13  11.0% π 方案 1/1：贪心删减 63/214，保留 151 个数字
TSH-13  11.1% π 方案 1/1：贪心删减 64/214，保留 150 个数字
TSH-13  11.3% π 方案 1/1：贪心删减 65/214，保留 149 个数字
TSH-13  11.4% π 方案 1/1：贪心删减 66/214，保留 148 个数字
TSH-13  11.6% π 方案 1/1：贪心删减 67/214，保留 147 个数字
TSH-13  11.8% π 方案 1/1：贪心删减 68/214，保留 146 个数字
TSH-13  11.9% π 方案 1/1：贪心删减 69/214，保留 145 个数字
TSH-13  12.1% π 方案 1/1：贪心删减 70/214，保留 144 个数字
TSH-13  12.3% π 方案 1/1：贪心删减 71/214，保留 143 个数字
TSH-13  12.5% π 方案 1/1：贪心删减 72/214，保留 142 个数字
TSH-13  12.7% π 方案 1/1：贪心删减 73/214，保留 141 个数字
TSH-13  12.8% π 方案 1/1：贪心删减 74/214，保留 140 个数字
TSH-13  13.0% π 方案 1/1：贪心删减 75/214，保留 139 个数字
TSH-13  13.2% π 方案 1/1：贪心删减 76/214，保留 138 个数字
TSH-13  13.4% π 方案 1/1：贪心删减 77/214，保留 137 个数字
TSH-13  13.6% π 方案 1/1：贪心删减 78/214，保留 136 个数字
TSH-13  13.8% π 方案 1/1：贪心删减 79/214，保留 135 个数字
TSH-13  13.9% π 方案 1/1：贪心删减 80/214，保留 134 个数字
TSH-13  14.1% π 方案 1/1：贪心删减 81/214，保留 133 个数字
TSH-13  14.3% π 方案 1/1：贪心删减 82/214，保留 132 个数字
TSH-13  14.4% π 方案 1/1：贪心删减 83/214，保留 132 个数字
TSH-13  14.6% π 方案 1/1：贪心删减 84/214，保留 131 个数字
TSH-13  14.7% π 方案 1/1：贪心删减 85/214，保留 130 个数字
TSH-13  14.9% π 方案 1/1：贪心删减 86/214，保留 129 个数字
TSH-13  15.1% π 方案 1/1：贪心删减 87/214，保留 128 个数字
TSH-13  15.2% π 方案 1/1：贪心删减 88/214，保留 127 个数字
TSH-13  15.4% π 方案 1/1：贪心删减 89/214，保留 126 个数字
TSH-13  15.6% π 方案 1/1：贪心删减 90/214，保留 125 个数字
TSH-13  15.7% π 方案 1/1：贪心删减 91/214，保留 124 个数字
TSH-13  15.9% π 方案 1/1：贪心删减 92/214，保留 123 个数字
TSH-13  16.1% π 方案 1/1：贪心删减 93/214，保留 122 个数字
TSH-13  16.2% π 方案 1/1：贪心删减 94/214，保留 121 个数字
TSH-13  16.4% π 方案 1/1：贪心删减 95/214，保留 120 个数字
TSH-13  16.6% π 方案 1/1：贪心删减 96/214，保留 119 个数字
TSH-13  16.8% π 方案 1/1：贪心删减 97/214，保留 118 个数字
TSH-13  16.9% π 方案 1/1：贪心删减 98/214，保留 117 个数字
TSH-13  17.1% π 方案 1/1：贪心删减 99/214，保留 116 个数字
TSH-13  17.3% π 方案 1/1：贪心删减 100/214，保留 115 个数字
TSH-13  17.5% π 方案 1/1：贪心删减 101/214，保留 114 个数字
TSH-13  17.6% π 方案 1/1：贪心删减 102/214，保留 113 个数字
TSH-13  17.8% π 方案 1/1：贪心删减 103/214，保留 112 个数字
TSH-13  18.0% π 方案 1/1：贪心删减 104/214，保留 112 个数字
TSH-13  18.2% π 方案 1/1：贪心删减 105/214，保留 111 个数字
TSH-13  18.3% π 方案 1/1：贪心删减 106/214，保留 110 个数字
TSH-13  18.5% π 方案 1/1：贪心删减 107/214，保留 109 个数字
TSH-13  18.7% π 方案 1/1：贪心删减 108/214，保留 108 个数字
TSH-13  18.8% π 方案 1/1：贪心删减 109/214，保留 107 个数字
TSH-13  19.0% π 方案 1/1：贪心删减 110/214，保留 106 个数字
TSH-13  19.2% π 方案 1/1：贪心删减 111/214，保留 105 个数字
TSH-13  19.3% π 方案 1/1：贪心删减 112/214，保留 104 个数字
TSH-13  19.5% π 方案 1/1：贪心删减 113/214，保留 103 个数字
TSH-13  19.6% π 方案 1/1：贪心删减 114/214，保留 102 个数字
TSH-13  19.8% π 方案 1/1：贪心删减 115/214，保留 101 个数字
TSH-13  20.0% π 方案 1/1：贪心删减 116/214，保留 100 个数字
TSH-13  20.2% π 方案 1/1：贪心删减 117/214，保留 99 个数字
TSH-13  20.4% π 方案 1/1：贪心删减 118/214，保留 98 个数字
TSH-13  20.5% π 方案 1/1：贪心删减 119/214，保留 97 个数字
TSH-13  20.7% π 方案 1/1：贪心删减 120/214，保留 96 个数字
TSH-13  20.8% π 方案 1/1：贪心删减 121/214，保留 95 个数字
TSH-13  21.0% π 方案 1/1：贪心删减 122/214，保留 95 个数字
TSH-13  21.1% π 方案 1/1：贪心删减 123/214，保留 94 个数字
TSH-13  21.2% π 方案 1/1：贪心删减 124/214，保留 94 个数字
TSH-13  21.4% π 方案 1/1：贪心删减 125/214，保留 93 个数字
TSH-13  21.6% π 方案 1/1：贪心删减 126/214，保留 92 个数字
TSH-13  21.8% π 方案 1/1：贪心删减 127/214，保留 91 个数字
TSH-13  22.0% π 方案 1/1：贪心删减 128/214，保留 90 个数字
TSH-13  22.1% π 方案 1/1：贪心删减 129/214，保留 89 个数字
TSH-13  22.3% π 方案 1/1：贪心删减 130/214，保留 88 个数字
TSH-13  22.6% π 方案 1/1：贪心删减 131/214，保留 87 个数字
TSH-13  22.8% π 方案 1/1：贪心删减 132/214，保留 86 个数字
TSH-13  23.0% π 方案 1/1：贪心删减 133/214，保留 85 个数字
TSH-13  23.1% π 方案 1/1：贪心删减 134/214，保留 84 个数字
TSH-13  23.3% π 方案 1/1：贪心删减 135/214，保留 83 个数字
TSH-13  23.5% π 方案 1/1：贪心删减 136/214，保留 82 个数字
TSH-13  23.6% π 方案 1/1：贪心删减 137/214，保留 81 个数字
TSH-13  23.8% π 方案 1/1：贪心删减 138/214，保留 80 个数字
TSH-13  24.0% π 方案 1/1：贪心删减 139/214，保留 79 个数字
TSH-13  24.2% π 方案 1/1：贪心删减 140/214，保留 78 个数字
TSH-13  24.3% π 方案 1/1：贪心删减 141/214，保留 78 个数字
TSH-13  24.5% π 方案 1/1：贪心删减 142/214，保留 77 个数字
TSH-13  24.6% π 方案 1/1：贪心删减 143/214，保留 76 个数字
TSH-13  24.8% π 方案 1/1：贪心删减 144/214，保留 75 个数字
TSH-13  24.9% π 方案 1/1：贪心删减 145/214，保留 75 个数字
TSH-13  25.1% π 方案 1/1：贪心删减 146/214，保留 75 个数字
TSH-13  25.2% π 方案 1/1：贪心删减 147/214，保留 75 个数字
TSH-13  25.4% π 方案 1/1：贪心删减 148/214，保留 74 个数字
TSH-13  25.5% π 方案 1/1：贪心删减 149/214，保留 74 个数字
TSH-13  25.7% π 方案 1/1：贪心删减 150/214，保留 73 个数字
TSH-13  25.8% π 方案 1/1：贪心删减 151/214，保留 72 个数字
TSH-13  26.0% π 方案 1/1：贪心删减 152/214，保留 71 个数字
TSH-13  26.2% π 方案 1/1：贪心删减 153/214，保留 70 个数字
TSH-13  26.4% π 方案 1/1：贪心删减 154/214，保留 69 个数字
TSH-13  26.5% π 方案 1/1：贪心删减 155/214，保留 68 个数字
TSH-13  26.7% π 方案 1/1：贪心删减 156/214，保留 67 个数字
TSH-13  26.9% π 方案 1/1：贪心删减 157/214，保留 66 个数字
TSH-13  27.1% π 方案 1/1：贪心删减 158/214，保留 65 个数字
TSH-13  27.2% π 方案 1/1：贪心删减 159/214，保留 64 个数字
TSH-13  27.4% π 方案 1/1：贪心删减 160/214，保留 64 个数字
TSH-13  27.5% π 方案 1/1：贪心删减 161/214，保留 63 个数字
TSH-13  27.7% π 方案 1/1：贪心删减 162/214，保留 63 个数字
TSH-13  27.9% π 方案 1/1：贪心删减 163/214，保留 62 个数字
TSH-13  28.1% π 方案 1/1：贪心删减 164/214，保留 61 个数字
TSH-13  28.2% π 方案 1/1：贪心删减 165/214，保留 61 个数字
TSH-13  28.4% π 方案 1/1：贪心删减 166/214，保留 60 个数字
TSH-13  28.5% π 方案 1/1：贪心删减 167/214，保留 60 个数字
TSH-13  28.7% π 方案 1/1：贪心删减 168/214，保留 59 个数字
TSH-13  29.0% π 方案 1/1：贪心删减 169/214，保留 58 个数字
TSH-13  29.1% π 方案 1/1：贪心删减 170/214，保留 58 个数字
TSH-13  29.2% π 方案 1/1：贪心删减 171/214，保留 58 个数字
TSH-13  29.5% π 方案 1/1：贪心删减 172/214，保留 57 个数字
TSH-13  29.7% π 方案 1/1：贪心删减 173/214，保留 56 个数字
TSH-13  29.8% π 方案 1/1：贪心删减 174/214，保留 56 个数字
TSH-13  30.0% π 方案 1/1：贪心删减 175/214，保留 55 个数字
TSH-13  30.1% π 方案 1/1：贪心删减 176/214，保留 55 个数字
TSH-13  30.4% π 方案 1/1：贪心删减 177/214，保留 54 个数字
TSH-13  30.6% π 方案 1/1：贪心删减 178/214，保留 53 个数字
TSH-13  30.7% π 方案 1/1：贪心删减 179/214，保留 53 个数字
TSH-13  30.8% π 方案 1/1：贪心删减 180/214，保留 53 个数字
TSH-13  31.1% π 方案 1/1：贪心删减 181/214，保留 52 个数字
TSH-13  31.3% π 方案 1/1：贪心删减 182/214，保留 51 个数字
TSH-13  31.4% π 方案 1/1：贪心删减 183/214，保留 51 个数字
TSH-13  31.5% π 方案 1/1：贪心删减 184/214，保留 51 个数字
TSH-13  31.8% π 方案 1/1：贪心删减 185/214，保留 50 个数字
TSH-13  32.0% π 方案 1/1：贪心删减 186/214，保留 49 个数字
TSH-13  32.2% π 方案 1/1：贪心删减 187/214，保留 48 个数字
TSH-13  32.4% π 方案 1/1：贪心删减 188/214，保留 48 个数字
TSH-13  32.5% π 方案 1/1：贪心删减 189/214，保留 48 个数字
TSH-13  32.7% π 方案 1/1：贪心删减 190/214，保留 48 个数字
TSH-13  32.9% π 方案 1/1：贪心删减 191/214，保留 47 个数字
TSH-13  33.1% π 方案 1/1：贪心删减 192/214，保留 47 个数字
TSH-13  33.2% π 方案 1/1：贪心删减 193/214，保留 47 个数字
TSH-13  33.3% π 方案 1/1：贪心删减 194/214，保留 47 个数字
TSH-13  33.5% π 方案 1/1：贪心删减 195/214，保留 47 个数字
TSH-13  33.6% π 方案 1/1：贪心删减 196/214，保留 47 个数字
TSH-13  33.9% π 方案 1/1：贪心删减 197/214，保留 46 个数字
TSH-13  34.0% π 方案 1/1：贪心删减 198/214，保留 46 个数字
TSH-13  34.2% π 方案 1/1：贪心删减 199/214，保留 46 个数字
TSH-13  34.5% π 方案 1/1：贪心删减 200/214，保留 45 个数字
TSH-13  34.6% π 方案 1/1：贪心删减 201/214，保留 45 个数字
TSH-13  34.7% π 方案 1/1：贪心删减 202/214，保留 45 个数字
TSH-13  34.9% π 方案 1/1：贪心删减 203/214，保留 45 个数字
TSH-13  35.2% π 方案 1/1：贪心删减 204/214，保留 44 个数字
TSH-13  35.4% π 方案 1/1：贪心删减 205/214，保留 43 个数字
TSH-13  35.7% π 方案 1/1：贪心删减 206/214，保留 42 个数字
TSH-13  35.9% π 方案 1/1：贪心删减 207/214，保留 42 个数字
TSH-13  36.1% π 方案 1/1：贪心删减 208/214，保留 42 个数字
TSH-13  36.4% π 方案 1/1：贪心删减 209/214，保留 41 个数字
TSH-13  36.5% π 方案 1/1：贪心删减 210/214，保留 41 个数字
TSH-13  36.7% π 方案 1/1：贪心删减 211/214，保留 41 个数字
TSH-13  36.9% π 方案 1/1：贪心删减 212/214，保留 41 个数字
TSH-13  37.1% π 方案 1/1：贪心删减 213/214，保留 41 个数字
TSH-13  37.2% π 方案 1/1：贪心删减 214/214，保留 41 个数字
TSH-13  37.4% π 方案 1/1，已排除 42 个替代解
TSH-13  37.6% π 方案 1/1，已排除 43 个替代解
TSH-13  37.8% π 方案 1/1，已排除 44 个替代解
TSH-13  37.9% π 方案 1/1，已排除 45 个替代解
TSH-13  38.2% π 方案 1/1，已排除 46 个替代解
TSH-13  38.5% π 方案 1/1，已排除 47 个替代解
TSH-13  38.7% π 方案 1/1，已排除 48 个替代解
TSH-13  38.9% π 方案 1/1，已排除 49 个替代解
TSH-13  39.2% π 方案 1/1，已排除 50 个替代解
TSH-13  39.4% π 方案 1/1，已排除 51 个替代解
TSH-13  39.7% π 方案 1/1，已排除 52 个替代解
TSH-13  39.9% π 方案 1/1，已排除 53 个替代解
TSH-13  40.3% π 方案 1/1，已排除 54 个替代解
TSH-13  40.6% π 方案 1/1，已排除 55 个替代解
TSH-13  40.9% π 方案 1/1，已排除 56 个替代解
TSH-13  41.4% π 方案 1/1，已排除 57 个替代解
TSH-13  41.8% π 方案 1/1，已排除 58 个替代解
TSH-13  42.8% π 方案 1/1，已排除 59 个替代解
TSH-13  44.2% π 方案 1/1，已排除 60 个替代解
TSH-13  45.3% π 方案 1/1，已排除 61 个替代解
TSH-13  46.4% π 方案 1/1，已排除 62 个替代解
TSH-13  47.8% π 方案 1/1，已排除 63 个替代解
TSH-13  48.9% π 方案 1/1，已排除 64 个替代解
TSH-13  50.1% π 方案 1/1，已排除 65 个替代解
TSH-13  51.3% π 方案 1/1，已排除 66 个替代解
TSH-13  52.5% π 方案 1/1，已排除 67 个替代解
TSH-13  53.4% π 方案 1/1，已排除 68 个替代解
TSH-13  54.3% π 方案 1/1，已排除 69 个替代解
TSH-13  55.6% π 方案 1/1，已排除 70 个替代解
TSH-13  56.5% π 方案 1/1，已排除 71 个替代解
TSH-13  57.7% π 方案 1/1，已排除 72 个替代解
TSH-13  58.7% π 方案 1/1，已排除 73 个替代解
TSH-13  59.8% π 方案 1/1，已排除 74 个替代解
TSH-13  60.7% π 方案 1/1，已排除 75 个替代解
TSH-13  61.7% π 方案 1/1，已排除 76 个替代解
TSH-13  62.8% π 方案 1/1，已排除 77 个替代解
TSH-13  63.8% π 方案 1/1，已排除 78 个替代解
TSH-13  64.9% π 方案 1/1，已排除 79 个替代解
TSH-13  66.1% π 方案 1/1，已排除 80 个替代解
TSH-13  67.4% π 方案 1/1，已排除 81 个替代解
TSH-13  68.5% π 方案 1/1，已排除 82 个替代解
TSH-13  69.6% π 方案 1/1，已排除 83 个替代解
TSH-13  70.9% π 方案 1/1，已排除 84 个替代解
TSH-13  72.1% π 方案 1/1，已排除 85 个替代解
TSH-13  73.7% π 方案 1/1，已排除 86 个替代解
TSH-13  75.2% π 方案 1/1，已排除 87 个替代解
TSH-13  76.7% π 方案 1/1，已排除 88 个替代解
TSH-13  78.1% π 方案 1/1，已排除 89 个替代解
TSH-13  79.5% π 方案 1/1，已排除 90 个替代解
TSH-13  81.1% π 方案 1/1，已排除 91 个替代解
TSH-13  82.4% π 方案 1/1，已排除 92 个替代解
TSH-13  84.0% π 方案 1/1，已排除 93 个替代解
TSH-13  85.4% π 方案 1/1，已排除 94 个替代解
TSH-13  87.0% π 方案 1/1，已排除 95 个替代解
TSH-13  88.6% π 方案 1/1，已排除 96 个替代解
TSH-13  90.2% π 方案 1/1，已排除 97 个替代解
TSH-13  91.9% π 方案 1/1，已排除 98 个替代解
TSH-13  93.7% π 方案 1/1，已排除 99 个替代解
TSH-13  95.3% π 方案 1/1，已排除 100 个替代解
TSH-13  96.7% π 方案 1/1，已排除 101 个替代解
TSH-13  98.2% π 方案 1/1，已排除 102 个替代解
TSH-13 100.0% π 方案 1/1，已排除 103 个替代解
TSH-13 100.0% 生成完成
完成 TSH-13: level=4, numbers=41, pi=6, score=75.5, loop=69, transitions=39, coverage=0.685
开始生成 TSH-14（4 级，最长 120 秒）
TSH-14   0.2% π 方案 1/1：验证全提示基线
TSH-14   0.8% π 方案 1/1：贪心删减 1/242，保留 241 个数字
TSH-14   1.0% π 方案 1/1：贪心删减 2/242，保留 240 个数字
TSH-14   1.2% π 方案 1/1：贪心删减 3/242，保留 239 个数字
TSH-14   1.4% π 方案 1/1：贪心删减 4/242，保留 238 个数字
TSH-14   1.6% π 方案 1/1：贪心删减 5/242，保留 237 个数字
TSH-14   1.8% π 方案 1/1：贪心删减 6/242，保留 236 个数字
TSH-14   2.0% π 方案 1/1：贪心删减 7/242，保留 235 个数字
TSH-14   2.3% π 方案 1/1：贪心删减 8/242，保留 234 个数字
TSH-14   2.5% π 方案 1/1：贪心删减 9/242，保留 233 个数字
TSH-14   2.7% π 方案 1/1：贪心删减 10/242，保留 232 个数字
TSH-14   3.0% π 方案 1/1：贪心删减 11/242，保留 231 个数字
TSH-14   3.3% π 方案 1/1：贪心删减 12/242，保留 230 个数字
TSH-14   3.5% π 方案 1/1：贪心删减 13/242，保留 229 个数字
TSH-14   3.8% π 方案 1/1：贪心删减 14/242，保留 228 个数字
TSH-14   4.1% π 方案 1/1：贪心删减 15/242，保留 227 个数字
TSH-14   4.4% π 方案 1/1：贪心删减 16/242，保留 226 个数字
TSH-14   4.6% π 方案 1/1：贪心删减 17/242，保留 225 个数字
TSH-14   4.9% π 方案 1/1：贪心删减 18/242，保留 224 个数字
TSH-14   5.2% π 方案 1/1：贪心删减 19/242，保留 223 个数字
TSH-14   5.4% π 方案 1/1：贪心删减 20/242，保留 222 个数字
TSH-14   5.6% π 方案 1/1：贪心删减 21/242，保留 221 个数字
TSH-14   5.8% π 方案 1/1：贪心删减 22/242，保留 220 个数字
TSH-14   6.0% π 方案 1/1：贪心删减 23/242，保留 219 个数字
TSH-14   6.2% π 方案 1/1：贪心删减 24/242，保留 218 个数字
TSH-14   6.5% π 方案 1/1：贪心删减 25/242，保留 217 个数字
TSH-14   6.7% π 方案 1/1：贪心删减 26/242，保留 216 个数字
TSH-14   6.9% π 方案 1/1：贪心删减 27/242，保留 215 个数字
TSH-14   7.1% π 方案 1/1：贪心删减 28/242，保留 214 个数字
TSH-14   7.4% π 方案 1/1：贪心删减 29/242，保留 213 个数字
TSH-14   7.6% π 方案 1/1：贪心删减 30/242，保留 212 个数字
TSH-14   7.8% π 方案 1/1：贪心删减 31/242，保留 211 个数字
TSH-14   8.0% π 方案 1/1：贪心删减 32/242，保留 210 个数字
TSH-14   8.2% π 方案 1/1：贪心删减 33/242，保留 209 个数字
TSH-14   8.5% π 方案 1/1：贪心删减 34/242，保留 208 个数字
TSH-14   8.8% π 方案 1/1：贪心删减 35/242，保留 207 个数字
TSH-14   9.1% π 方案 1/1：贪心删减 36/242，保留 206 个数字
TSH-14   9.3% π 方案 1/1：贪心删减 37/242，保留 205 个数字
TSH-14   9.6% π 方案 1/1：贪心删减 38/242，保留 204 个数字
TSH-14   9.9% π 方案 1/1：贪心删减 39/242，保留 203 个数字
TSH-14  10.2% π 方案 1/1：贪心删减 40/242，保留 202 个数字
TSH-14  10.4% π 方案 1/1：贪心删减 41/242，保留 201 个数字
TSH-14  10.7% π 方案 1/1：贪心删减 42/242，保留 200 个数字
TSH-14  11.0% π 方案 1/1：贪心删减 43/242，保留 199 个数字
TSH-14  11.3% π 方案 1/1：贪心删减 44/242，保留 198 个数字
TSH-14  11.6% π 方案 1/1：贪心删减 45/242，保留 197 个数字
TSH-14  11.8% π 方案 1/1：贪心删减 46/242，保留 196 个数字
TSH-14  12.0% π 方案 1/1：贪心删减 47/242，保留 195 个数字
TSH-14  12.2% π 方案 1/1：贪心删减 48/242，保留 194 个数字
TSH-14  12.4% π 方案 1/1：贪心删减 49/242，保留 193 个数字
TSH-14  12.6% π 方案 1/1：贪心删减 50/242，保留 192 个数字
TSH-14  12.9% π 方案 1/1：贪心删减 51/242，保留 191 个数字
TSH-14  13.1% π 方案 1/1：贪心删减 52/242，保留 190 个数字
TSH-14  13.3% π 方案 1/1：贪心删减 53/242，保留 189 个数字
TSH-14  13.6% π 方案 1/1：贪心删减 54/242，保留 188 个数字
TSH-14  13.8% π 方案 1/1：贪心删减 55/242，保留 187 个数字
TSH-14  14.0% π 方案 1/1：贪心删减 56/242，保留 186 个数字
TSH-14  14.2% π 方案 1/1：贪心删减 57/242，保留 185 个数字
TSH-14  14.5% π 方案 1/1：贪心删减 58/242，保留 184 个数字
TSH-14  14.7% π 方案 1/1：贪心删减 59/242，保留 183 个数字
TSH-14  14.9% π 方案 1/1：贪心删减 60/242，保留 182 个数字
TSH-14  15.2% π 方案 1/1：贪心删减 61/242，保留 181 个数字
TSH-14  15.4% π 方案 1/1：贪心删减 62/242，保留 180 个数字
TSH-14  15.7% π 方案 1/1：贪心删减 63/242，保留 179 个数字
TSH-14  15.9% π 方案 1/1：贪心删减 64/242，保留 178 个数字
TSH-14  16.2% π 方案 1/1：贪心删减 65/242，保留 177 个数字
TSH-14  16.4% π 方案 1/1：贪心删减 66/242，保留 176 个数字
TSH-14  16.6% π 方案 1/1：贪心删减 67/242，保留 175 个数字
TSH-14  16.9% π 方案 1/1：贪心删减 68/242，保留 174 个数字
TSH-14  17.1% π 方案 1/1：贪心删减 69/242，保留 173 个数字
TSH-14  17.4% π 方案 1/1：贪心删减 70/242，保留 172 个数字
TSH-14  17.6% π 方案 1/1：贪心删减 71/242，保留 171 个数字
TSH-14  17.9% π 方案 1/1：贪心删减 72/242，保留 170 个数字
TSH-14  18.1% π 方案 1/1：贪心删减 73/242，保留 169 个数字
TSH-14  18.3% π 方案 1/1：贪心删减 74/242，保留 168 个数字
TSH-14  18.5% π 方案 1/1：贪心删减 75/242，保留 167 个数字
TSH-14  18.7% π 方案 1/1：贪心删减 76/242，保留 166 个数字
TSH-14  19.0% π 方案 1/1：贪心删减 77/242，保留 165 个数字
TSH-14  19.2% π 方案 1/1：贪心删减 78/242，保留 164 个数字
TSH-14  19.4% π 方案 1/1：贪心删减 79/242，保留 163 个数字
TSH-14  19.6% π 方案 1/1：贪心删减 80/242，保留 162 个数字
TSH-14  19.8% π 方案 1/1：贪心删减 81/242，保留 161 个数字
TSH-14  20.1% π 方案 1/1：贪心删减 82/242，保留 160 个数字
TSH-14  20.3% π 方案 1/1：贪心删减 83/242，保留 159 个数字
TSH-14  20.5% π 方案 1/1：贪心删减 84/242，保留 158 个数字
TSH-14  20.7% π 方案 1/1：贪心删减 85/242，保留 157 个数字
TSH-14  21.0% π 方案 1/1：贪心删减 86/242，保留 156 个数字
TSH-14  21.3% π 方案 1/1：贪心删减 87/242，保留 155 个数字
TSH-14  21.5% π 方案 1/1：贪心删减 88/242，保留 154 个数字
TSH-14  21.8% π 方案 1/1：贪心删减 89/242，保留 153 个数字
TSH-14  21.9% π 方案 1/1：贪心删减 90/242，保留 153 个数字
TSH-14  22.1% π 方案 1/1：贪心删减 91/242，保留 152 个数字
TSH-14  22.4% π 方案 1/1：贪心删减 92/242，保留 151 个数字
TSH-14  22.6% π 方案 1/1：贪心删减 93/242，保留 150 个数字
TSH-14  22.9% π 方案 1/1：贪心删减 94/242，保留 149 个数字
TSH-14  23.1% π 方案 1/1：贪心删减 95/242，保留 148 个数字
TSH-14  23.2% π 方案 1/1：贪心删减 96/242，保留 148 个数字
TSH-14  23.5% π 方案 1/1：贪心删减 97/242，保留 147 个数字
TSH-14  23.7% π 方案 1/1：贪心删减 98/242，保留 146 个数字
TSH-14  24.0% π 方案 1/1：贪心删减 99/242，保留 145 个数字
TSH-14  24.1% π 方案 1/1：贪心删减 100/242，保留 145 个数字
TSH-14  24.4% π 方案 1/1：贪心删减 101/242，保留 144 个数字
TSH-14  24.6% π 方案 1/1：贪心删减 102/242，保留 143 个数字
TSH-14  24.8% π 方案 1/1：贪心删减 103/242，保留 142 个数字
TSH-14  25.0% π 方案 1/1：贪心删减 104/242，保留 141 个数字
TSH-14  25.2% π 方案 1/1：贪心删减 105/242，保留 140 个数字
TSH-14  25.5% π 方案 1/1：贪心删减 106/242，保留 139 个数字
TSH-14  25.7% π 方案 1/1：贪心删减 107/242，保留 138 个数字
TSH-14  25.9% π 方案 1/1：贪心删减 108/242，保留 137 个数字
TSH-14  26.1% π 方案 1/1：贪心删减 109/242，保留 136 个数字
TSH-14  26.4% π 方案 1/1：贪心删减 110/242，保留 135 个数字
TSH-14  26.6% π 方案 1/1：贪心删减 111/242，保留 134 个数字
TSH-14  26.7% π 方案 1/1：贪心删减 112/242，保留 134 个数字
TSH-14  26.9% π 方案 1/1：贪心删减 113/242，保留 133 个数字
TSH-14  27.2% π 方案 1/1：贪心删减 114/242，保留 132 个数字
TSH-14  27.4% π 方案 1/1：贪心删减 115/242，保留 131 个数字
TSH-14  27.7% π 方案 1/1：贪心删减 116/242，保留 130 个数字
TSH-14  28.0% π 方案 1/1：贪心删减 117/242，保留 129 个数字
TSH-14  28.2% π 方案 1/1：贪心删减 118/242，保留 128 个数字
TSH-14  28.5% π 方案 1/1：贪心删减 119/242，保留 127 个数字
TSH-14  28.7% π 方案 1/1：贪心删减 120/242，保留 127 个数字
TSH-14  29.0% π 方案 1/1：贪心删减 121/242，保留 126 个数字
TSH-14  29.2% π 方案 1/1：贪心删减 122/242，保留 125 个数字
TSH-14  29.5% π 方案 1/1：贪心删减 123/242，保留 124 个数字
TSH-14  29.8% π 方案 1/1：贪心删减 124/242，保留 123 个数字
TSH-14  30.0% π 方案 1/1：贪心删减 125/242，保留 122 个数字
TSH-14  30.2% π 方案 1/1：贪心删减 126/242，保留 121 个数字
TSH-14  30.4% π 方案 1/1：贪心删减 127/242，保留 120 个数字
TSH-14  30.6% π 方案 1/1：贪心删减 128/242，保留 120 个数字
TSH-14  30.7% π 方案 1/1：贪心删减 129/242，保留 120 个数字
TSH-14  30.9% π 方案 1/1：贪心删减 130/242，保留 119 个数字
TSH-14  31.1% π 方案 1/1：贪心删减 131/242，保留 118 个数字
TSH-14  31.4% π 方案 1/1：贪心删减 132/242，保留 117 个数字
TSH-14  31.6% π 方案 1/1：贪心删减 133/242，保留 116 个数字
TSH-14  31.8% π 方案 1/1：贪心删减 134/242，保留 115 个数字
TSH-14  32.1% π 方案 1/1：贪心删减 135/242，保留 114 个数字
TSH-14  32.3% π 方案 1/1：贪心删减 136/242，保留 113 个数字
TSH-14  32.5% π 方案 1/1：贪心删减 137/242，保留 112 个数字
TSH-14  32.7% π 方案 1/1：贪心删减 138/242，保留 111 个数字
TSH-14  33.0% π 方案 1/1：贪心删减 139/242，保留 110 个数字
TSH-14  33.2% π 方案 1/1：贪心删减 140/242，保留 109 个数字
TSH-14  33.4% π 方案 1/1：贪心删减 141/242，保留 109 个数字
TSH-14  33.6% π 方案 1/1：贪心删减 142/242，保留 108 个数字
TSH-14  33.9% π 方案 1/1：贪心删减 143/242，保留 107 个数字
TSH-14  34.1% π 方案 1/1：贪心删减 144/242，保留 106 个数字
TSH-14  34.3% π 方案 1/1：贪心删减 145/242，保留 105 个数字
TSH-14  34.6% π 方案 1/1：贪心删减 146/242，保留 104 个数字
TSH-14  34.8% π 方案 1/1：贪心删减 147/242，保留 104 个数字
TSH-14  35.2% π 方案 1/1：贪心删减 148/242，保留 103 个数字
TSH-14  35.5% π 方案 1/1：贪心删减 149/242，保留 102 个数字
TSH-14  35.8% π 方案 1/1：贪心删减 150/242，保留 101 个数字
TSH-14  36.0% π 方案 1/1：贪心删减 151/242，保留 100 个数字
TSH-14  36.3% π 方案 1/1：贪心删减 152/242，保留 99 个数字
TSH-14  36.4% π 方案 1/1：贪心删减 153/242，保留 99 个数字
TSH-14  36.7% π 方案 1/1：贪心删减 154/242，保留 98 个数字
TSH-14  36.9% π 方案 1/1：贪心删减 155/242，保留 98 个数字
TSH-14  37.1% π 方案 1/1：贪心删减 156/242，保留 97 个数字
TSH-14  37.2% π 方案 1/1：贪心删减 157/242，保留 97 个数字
TSH-14  37.4% π 方案 1/1：贪心删减 158/242，保留 97 个数字
TSH-14  37.6% π 方案 1/1：贪心删减 159/242，保留 96 个数字
TSH-14  37.9% π 方案 1/1：贪心删减 160/242，保留 95 个数字
TSH-14  38.1% π 方案 1/1：贪心删减 161/242，保留 94 个数字
TSH-14  38.4% π 方案 1/1：贪心删减 162/242，保留 93 个数字
TSH-14  38.6% π 方案 1/1：贪心删减 163/242，保留 92 个数字
TSH-14  38.8% π 方案 1/1：贪心删减 164/242，保留 91 个数字
TSH-14  39.1% π 方案 1/1：贪心删减 165/242，保留 90 个数字
TSH-14  39.4% π 方案 1/1：贪心删减 166/242，保留 89 个数字
TSH-14  39.6% π 方案 1/1：贪心删减 167/242，保留 88 个数字
TSH-14  39.9% π 方案 1/1：贪心删减 168/242，保留 87 个数字
TSH-14  40.1% π 方案 1/1：贪心删减 169/242，保留 87 个数字
TSH-14  40.5% π 方案 1/1：贪心删减 170/242，保留 86 个数字
TSH-14  40.8% π 方案 1/1：贪心删减 171/242，保留 85 个数字
TSH-14  41.0% π 方案 1/1：贪心删减 172/242，保留 84 个数字
TSH-14  41.3% π 方案 1/1：贪心删减 173/242，保留 83 个数字
TSH-14  41.5% π 方案 1/1：贪心删减 174/242，保留 82 个数字
TSH-14  41.9% π 方案 1/1：贪心删减 175/242，保留 81 个数字
TSH-14  42.2% π 方案 1/1：贪心删减 176/242，保留 80 个数字
TSH-14  42.5% π 方案 1/1：贪心删减 177/242，保留 79 个数字
TSH-14  42.9% π 方案 1/1：贪心删减 178/242，保留 78 个数字
TSH-14  43.2% π 方案 1/1：贪心删减 179/242，保留 77 个数字
TSH-14  43.4% π 方案 1/1：贪心删减 180/242，保留 77 个数字
TSH-14  43.7% π 方案 1/1：贪心删减 181/242，保留 76 个数字
TSH-14  43.9% π 方案 1/1：贪心删减 182/242，保留 76 个数字
TSH-14  44.0% π 方案 1/1：贪心删减 183/242，保留 76 个数字
TSH-14  44.3% π 方案 1/1：贪心删减 184/242，保留 75 个数字
TSH-14  44.6% π 方案 1/1：贪心删减 185/242，保留 74 个数字
TSH-14  44.8% π 方案 1/1：贪心删减 186/242，保留 74 个数字
TSH-14  45.0% π 方案 1/1：贪心删减 187/242，保留 73 个数字
TSH-14  45.3% π 方案 1/1：贪心删减 188/242，保留 72 个数字
TSH-14  45.5% π 方案 1/1：贪心删减 189/242，保留 72 个数字
TSH-14  45.8% π 方案 1/1：贪心删减 190/242，保留 71 个数字
TSH-14  46.1% π 方案 1/1：贪心删减 191/242，保留 70 个数字
TSH-14  46.3% π 方案 1/1：贪心删减 192/242，保留 69 个数字
TSH-14  46.5% π 方案 1/1：贪心删减 193/242，保留 69 个数字
TSH-14  46.8% π 方案 1/1：贪心删减 194/242，保留 68 个数字
TSH-14  47.2% π 方案 1/1：贪心删减 195/242，保留 67 个数字
TSH-14  47.6% π 方案 1/1：贪心删减 196/242，保留 66 个数字
TSH-14  47.8% π 方案 1/1：贪心删减 197/242，保留 66 个数字
TSH-14  48.1% π 方案 1/1：贪心删减 198/242，保留 65 个数字
TSH-14  48.6% π 方案 1/1：贪心删减 199/242，保留 64 个数字
TSH-14  48.9% π 方案 1/1：贪心删减 200/242，保留 63 个数字
TSH-14  49.3% π 方案 1/1：贪心删减 201/242，保留 62 个数字
TSH-14  49.6% π 方案 1/1：贪心删减 202/242，保留 62 个数字
TSH-14  49.8% π 方案 1/1：贪心删减 203/242，保留 62 个数字
TSH-14  50.1% π 方案 1/1：贪心删减 204/242，保留 61 个数字
TSH-14  50.4% π 方案 1/1：贪心删减 205/242，保留 60 个数字
TSH-14  50.5% π 方案 1/1：贪心删减 206/242，保留 60 个数字
TSH-14  50.8% π 方案 1/1：贪心删减 207/242，保留 59 个数字
TSH-14  51.0% π 方案 1/1：贪心删减 208/242，保留 59 个数字
TSH-14  51.2% π 方案 1/1：贪心删减 209/242，保留 58 个数字
TSH-14  51.5% π 方案 1/1：贪心删减 210/242，保留 57 个数字
TSH-14  51.7% π 方案 1/1：贪心删减 211/242，保留 57 个数字
TSH-14  51.9% π 方案 1/1：贪心删减 212/242，保留 57 个数字
TSH-14  52.2% π 方案 1/1：贪心删减 213/242，保留 56 个数字
TSH-14  52.5% π 方案 1/1：贪心删减 214/242，保留 55 个数字
TSH-14  52.6% π 方案 1/1：贪心删减 215/242，保留 55 个数字
TSH-14  52.8% π 方案 1/1：贪心删减 216/242，保留 55 个数字
TSH-14  53.0% π 方案 1/1：贪心删减 217/242，保留 55 个数字
TSH-14  53.3% π 方案 1/1：贪心删减 218/242，保留 54 个数字
TSH-14  53.6% π 方案 1/1：贪心删减 219/242，保留 54 个数字
TSH-14  53.9% π 方案 1/1：贪心删减 220/242，保留 53 个数字
TSH-14  54.2% π 方案 1/1：贪心删减 221/242，保留 53 个数字
TSH-14  54.5% π 方案 1/1：贪心删减 222/242，保留 52 个数字
TSH-14  54.7% π 方案 1/1：贪心删减 223/242，保留 52 个数字
TSH-14  55.0% π 方案 1/1：贪心删减 224/242，保留 51 个数字
TSH-14  55.3% π 方案 1/1：贪心删减 225/242，保留 50 个数字
TSH-14  55.7% π 方案 1/1，已排除 34 个替代解
TSH-14  56.0% π 方案 1/1，已排除 35 个替代解
TSH-14  56.2% π 方案 1/1，已排除 36 个替代解
TSH-14  56.5% π 方案 1/1，已排除 37 个替代解
TSH-14  56.9% π 方案 1/1，已排除 38 个替代解
TSH-14  57.2% π 方案 1/1，已排除 39 个替代解
TSH-14  57.5% π 方案 1/1，已排除 40 个替代解
TSH-14  57.7% π 方案 1/1，已排除 41 个替代解
TSH-14  58.0% π 方案 1/1，已排除 42 个替代解
TSH-14  58.4% π 方案 1/1，已排除 43 个替代解
TSH-14  58.8% π 方案 1/1，已排除 44 个替代解
TSH-14  59.0% π 方案 1/1，已排除 45 个替代解
TSH-14  59.3% π 方案 1/1，已排除 46 个替代解
TSH-14  59.6% π 方案 1/1，已排除 47 个替代解
TSH-14  59.9% π 方案 1/1，已排除 48 个替代解
TSH-14  60.2% π 方案 1/1，已排除 49 个替代解
TSH-14  60.4% π 方案 1/1，已排除 50 个替代解
TSH-14  60.7% π 方案 1/1，已排除 51 个替代解
TSH-14  61.0% π 方案 1/1，已排除 52 个替代解
TSH-14  61.4% π 方案 1/1，已排除 53 个替代解
TSH-14  61.8% π 方案 1/1，已排除 54 个替代解
TSH-14  62.1% π 方案 1/1，已排除 55 个替代解
TSH-14  62.4% π 方案 1/1，已排除 56 个替代解
TSH-14  62.8% π 方案 1/1，已排除 57 个替代解
TSH-14  63.1% π 方案 1/1，已排除 58 个替代解
TSH-14  63.4% π 方案 1/1，已排除 59 个替代解
TSH-14  63.9% π 方案 1/1，已排除 60 个替代解
TSH-14  64.3% π 方案 1/1，已排除 61 个替代解
TSH-14  64.6% π 方案 1/1，已排除 62 个替代解
TSH-14  65.1% π 方案 1/1，已排除 63 个替代解
TSH-14  65.5% π 方案 1/1，已排除 64 个替代解
TSH-14  65.9% π 方案 1/1，已排除 65 个替代解
TSH-14  66.4% π 方案 1/1，已排除 66 个替代解
TSH-14  66.8% π 方案 1/1，已排除 67 个替代解
TSH-14  67.2% π 方案 1/1，已排除 68 个替代解
TSH-14  67.6% π 方案 1/1，已排除 69 个替代解
TSH-14  68.0% π 方案 1/1，已排除 70 个替代解
TSH-14  68.4% π 方案 1/1，已排除 71 个替代解
TSH-14  68.8% π 方案 1/1，已排除 72 个替代解
TSH-14  69.2% π 方案 1/1，已排除 73 个替代解
TSH-14  69.6% π 方案 1/1，已排除 74 个替代解
TSH-14  70.2% π 方案 1/1，已排除 75 个替代解
TSH-14  70.6% π 方案 1/1，已排除 76 个替代解
TSH-14  71.1% π 方案 1/1，已排除 77 个替代解
TSH-14  71.5% π 方案 1/1，已排除 78 个替代解
TSH-14  72.0% π 方案 1/1，已排除 79 个替代解
TSH-14  72.4% π 方案 1/1，已排除 80 个替代解
TSH-14  72.9% π 方案 1/1，已排除 81 个替代解
TSH-14  73.5% π 方案 1/1，已排除 82 个替代解
TSH-14  73.9% π 方案 1/1，已排除 83 个替代解
TSH-14  74.3% π 方案 1/1，已排除 84 个替代解
TSH-14  74.7% π 方案 1/1，已排除 85 个替代解
TSH-14  75.1% π 方案 1/1，已排除 86 个替代解
TSH-14  75.5% π 方案 1/1，已排除 87 个替代解
TSH-14  75.9% π 方案 1/1，已排除 88 个替代解
TSH-14  76.3% π 方案 1/1，已排除 89 个替代解
TSH-14  76.7% π 方案 1/1，已排除 90 个替代解
TSH-14  77.3% π 方案 1/1，已排除 91 个替代解
TSH-14  77.8% π 方案 1/1，已排除 92 个替代解
TSH-14  78.3% π 方案 1/1，已排除 93 个替代解
TSH-14  78.8% π 方案 1/1，已排除 94 个替代解
TSH-14  79.3% π 方案 1/1，已排除 95 个替代解
TSH-14  79.8% π 方案 1/1，已排除 96 个替代解
TSH-14  80.2% π 方案 1/1，已排除 97 个替代解
TSH-14  80.8% π 方案 1/1，已排除 98 个替代解
TSH-14  81.3% π 方案 1/1，已排除 99 个替代解
TSH-14  81.9% π 方案 1/1，已排除 100 个替代解
TSH-14  82.4% π 方案 1/1，已排除 101 个替代解
TSH-14  82.9% π 方案 1/1，已排除 102 个替代解
TSH-14  83.4% π 方案 1/1，已排除 103 个替代解
TSH-14  83.9% π 方案 1/1，已排除 104 个替代解
TSH-14  84.3% π 方案 1/1，已排除 105 个替代解
TSH-14  84.9% π 方案 1/1，已排除 106 个替代解
TSH-14  85.5% π 方案 1/1，已排除 107 个替代解
TSH-14  86.0% π 方案 1/1，已排除 108 个替代解
TSH-14  86.5% π 方案 1/1，已排除 109 个替代解
TSH-14  87.2% π 方案 1/1，已排除 110 个替代解
TSH-14  87.7% π 方案 1/1，已排除 111 个替代解
TSH-14  88.3% π 方案 1/1，已排除 112 个替代解
TSH-14  88.8% π 方案 1/1，已排除 113 个替代解
TSH-14  89.3% π 方案 1/1，已排除 114 个替代解
TSH-14  89.9% π 方案 1/1，已排除 115 个替代解
TSH-14  90.5% π 方案 1/1，已排除 116 个替代解
TSH-14  91.0% π 方案 1/1，已排除 117 个替代解
TSH-14  91.7% π 方案 1/1，已排除 118 个替代解
TSH-14  92.4% π 方案 1/1，已排除 119 个替代解
TSH-14  92.9% π 方案 1/1，已排除 120 个替代解
TSH-14  94.4% π 方案 1/1，已排除 121 个替代解
TSH-14  95.4% π 方案 1/1，已排除 122 个替代解
TSH-14  95.9% π 方案 1/1，已排除 123 个替代解
TSH-14  96.6% π 方案 1/1，已排除 124 个替代解
TSH-14  97.3% π 方案 1/1，已排除 125 个替代解
TSH-14  97.9% π 方案 1/1，已排除 126 个替代解
TSH-14  98.6% π 方案 1/1，已排除 127 个替代解
TSH-14  99.3% π 方案 1/1，已排除 128 个替代解
TSH-14  99.9% π 方案 1/1，已排除 129 个替代解
TSH-14 100.0% 生成完成
完成 TSH-14: level=4, numbers=50, pi=6, score=75.3, loop=78, transitions=44, coverage=0.732
开始生成 TSH-15（5 级，最长 360 秒）
TSH-15   0.2% π 方案 1/1：验证全提示基线
TSH-15   0.6% π 方案 1/1：贪心删减 1/347，保留 346 个数字
TSH-15   0.8% π 方案 1/1：贪心删减 2/347，保留 345 个数字
TSH-15   1.0% π 方案 1/1：贪心删减 3/347，保留 344 个数字
TSH-15   1.2% π 方案 1/1：贪心删减 4/347，保留 343 个数字
TSH-15   1.3% π 方案 1/1：贪心删减 5/347，保留 342 个数字
TSH-15   1.5% π 方案 1/1：贪心删减 6/347，保留 341 个数字
TSH-15   1.7% π 方案 1/1：贪心删减 7/347，保留 340 个数字
TSH-15   1.9% π 方案 1/1：贪心删减 8/347，保留 339 个数字
TSH-15   2.0% π 方案 1/1：贪心删减 9/347，保留 338 个数字
TSH-15   2.2% π 方案 1/1：贪心删减 10/347，保留 337 个数字
TSH-15   2.4% π 方案 1/1：贪心删减 11/347，保留 336 个数字
TSH-15   2.6% π 方案 1/1：贪心删减 12/347，保留 335 个数字
TSH-15   2.8% π 方案 1/1：贪心删减 13/347，保留 334 个数字
TSH-15   3.0% π 方案 1/1：贪心删减 14/347，保留 333 个数字
TSH-15   3.2% π 方案 1/1：贪心删减 15/347，保留 332 个数字
TSH-15   3.3% π 方案 1/1：贪心删减 16/347，保留 331 个数字
TSH-15   3.5% π 方案 1/1：贪心删减 17/347，保留 330 个数字
TSH-15   3.7% π 方案 1/1：贪心删减 18/347，保留 329 个数字
TSH-15   3.9% π 方案 1/1：贪心删减 19/347，保留 328 个数字
TSH-15   4.1% π 方案 1/1：贪心删减 20/347，保留 327 个数字
TSH-15   4.2% π 方案 1/1：贪心删减 21/347，保留 326 个数字
TSH-15   4.4% π 方案 1/1：贪心删减 22/347，保留 325 个数字
TSH-15   4.6% π 方案 1/1：贪心删减 23/347，保留 324 个数字
TSH-15   4.8% π 方案 1/1：贪心删减 24/347，保留 323 个数字
TSH-15   5.0% π 方案 1/1：贪心删减 25/347，保留 322 个数字
TSH-15   5.2% π 方案 1/1：贪心删减 26/347，保留 321 个数字
TSH-15   5.4% π 方案 1/1：贪心删减 27/347，保留 320 个数字
TSH-15   5.5% π 方案 1/1：贪心删减 28/347，保留 319 个数字
TSH-15   5.7% π 方案 1/1：贪心删减 29/347，保留 318 个数字
TSH-15   5.9% π 方案 1/1：贪心删减 30/347，保留 317 个数字
TSH-15   6.1% π 方案 1/1：贪心删减 31/347，保留 316 个数字
TSH-15   6.3% π 方案 1/1：贪心删减 32/347，保留 315 个数字
TSH-15   6.5% π 方案 1/1：贪心删减 33/347，保留 314 个数字
TSH-15   6.7% π 方案 1/1：贪心删减 34/347，保留 313 个数字
TSH-15   6.8% π 方案 1/1：贪心删减 35/347，保留 312 个数字
TSH-15   7.0% π 方案 1/1：贪心删减 36/347，保留 311 个数字
TSH-15   7.2% π 方案 1/1：贪心删减 37/347，保留 310 个数字
TSH-15   7.4% π 方案 1/1：贪心删减 38/347，保留 309 个数字
TSH-15   7.6% π 方案 1/1：贪心删减 39/347，保留 308 个数字
TSH-15   7.8% π 方案 1/1：贪心删减 40/347，保留 307 个数字
TSH-15   7.9% π 方案 1/1：贪心删减 41/347，保留 306 个数字
TSH-15   8.1% π 方案 1/1：贪心删减 42/347，保留 305 个数字
TSH-15   8.3% π 方案 1/1：贪心删减 43/347，保留 304 个数字
TSH-15   8.5% π 方案 1/1：贪心删减 44/347，保留 303 个数字
TSH-15   8.7% π 方案 1/1：贪心删减 45/347，保留 302 个数字
TSH-15   8.9% π 方案 1/1：贪心删减 46/347，保留 301 个数字
TSH-15   9.1% π 方案 1/1：贪心删减 47/347，保留 300 个数字
TSH-15   9.2% π 方案 1/1：贪心删减 48/347，保留 299 个数字
TSH-15   9.4% π 方案 1/1：贪心删减 49/347，保留 298 个数字
TSH-15   9.6% π 方案 1/1：贪心删减 50/347，保留 297 个数字
TSH-15   9.8% π 方案 1/1：贪心删减 51/347，保留 296 个数字
TSH-15  10.0% π 方案 1/1：贪心删减 52/347，保留 295 个数字
TSH-15  10.2% π 方案 1/1：贪心删减 53/347，保留 294 个数字
TSH-15  10.4% π 方案 1/1：贪心删减 54/347，保留 293 个数字
TSH-15  10.5% π 方案 1/1：贪心删减 55/347，保留 292 个数字
TSH-15  10.7% π 方案 1/1：贪心删减 56/347，保留 291 个数字
TSH-15  10.9% π 方案 1/1：贪心删减 57/347，保留 290 个数字
TSH-15  11.1% π 方案 1/1：贪心删减 58/347，保留 289 个数字
TSH-15  11.3% π 方案 1/1：贪心删减 59/347，保留 288 个数字
TSH-15  11.5% π 方案 1/1：贪心删减 60/347，保留 287 个数字
TSH-15  11.7% π 方案 1/1：贪心删减 61/347，保留 286 个数字
TSH-15  11.9% π 方案 1/1：贪心删减 62/347，保留 285 个数字
TSH-15  12.1% π 方案 1/1：贪心删减 63/347，保留 284 个数字
TSH-15  12.3% π 方案 1/1：贪心删减 64/347，保留 283 个数字
TSH-15  12.5% π 方案 1/1：贪心删减 65/347，保留 282 个数字
TSH-15  12.7% π 方案 1/1：贪心删减 66/347，保留 281 个数字
TSH-15  12.8% π 方案 1/1：贪心删减 67/347，保留 280 个数字
TSH-15  13.1% π 方案 1/1：贪心删减 68/347，保留 279 个数字
TSH-15  13.2% π 方案 1/1：贪心删减 69/347，保留 278 个数字
TSH-15  13.4% π 方案 1/1：贪心删减 70/347，保留 277 个数字
TSH-15  13.6% π 方案 1/1：贪心删减 71/347，保留 276 个数字
TSH-15  13.8% π 方案 1/1：贪心删减 72/347，保留 275 个数字
TSH-15  14.0% π 方案 1/1：贪心删减 73/347，保留 274 个数字
TSH-15  14.2% π 方案 1/1：贪心删减 74/347，保留 273 个数字
TSH-15  14.3% π 方案 1/1：贪心删减 75/347，保留 272 个数字
TSH-15  14.5% π 方案 1/1：贪心删减 76/347，保留 271 个数字
TSH-15  14.7% π 方案 1/1：贪心删减 77/347，保留 270 个数字
TSH-15  14.9% π 方案 1/1：贪心删减 78/347，保留 269 个数字
TSH-15  15.1% π 方案 1/1：贪心删减 79/347，保留 268 个数字
TSH-15  15.3% π 方案 1/1：贪心删减 80/347，保留 267 个数字
TSH-15  15.4% π 方案 1/1：贪心删减 81/347，保留 266 个数字
TSH-15  15.6% π 方案 1/1：贪心删减 82/347，保留 265 个数字
TSH-15  15.8% π 方案 1/1：贪心删减 83/347，保留 264 个数字
TSH-15  16.0% π 方案 1/1：贪心删减 84/347，保留 263 个数字
TSH-15  16.2% π 方案 1/1：贪心删减 85/347，保留 262 个数字
TSH-15  16.4% π 方案 1/1：贪心删减 86/347，保留 261 个数字
TSH-15  16.6% π 方案 1/1：贪心删减 87/347，保留 260 个数字
TSH-15  16.7% π 方案 1/1：贪心删减 88/347，保留 259 个数字
TSH-15  16.9% π 方案 1/1：贪心删减 89/347，保留 258 个数字
TSH-15  17.1% π 方案 1/1：贪心删减 90/347，保留 257 个数字
TSH-15  17.3% π 方案 1/1：贪心删减 91/347，保留 256 个数字
TSH-15  17.5% π 方案 1/1：贪心删减 92/347，保留 255 个数字
TSH-15  17.7% π 方案 1/1：贪心删减 93/347，保留 254 个数字
TSH-15  17.9% π 方案 1/1：贪心删减 94/347，保留 253 个数字
TSH-15  18.1% π 方案 1/1：贪心删减 95/347，保留 252 个数字
TSH-15  18.3% π 方案 1/1：贪心删减 96/347，保留 251 个数字
TSH-15  18.4% π 方案 1/1：贪心删减 97/347，保留 250 个数字
TSH-15  18.6% π 方案 1/1：贪心删减 98/347，保留 249 个数字
TSH-15  18.8% π 方案 1/1：贪心删减 99/347，保留 248 个数字
TSH-15  19.0% π 方案 1/1：贪心删减 100/347，保留 247 个数字
TSH-15  19.2% π 方案 1/1：贪心删减 101/347，保留 246 个数字
TSH-15  19.4% π 方案 1/1：贪心删减 102/347，保留 245 个数字
TSH-15  19.6% π 方案 1/1：贪心删减 103/347，保留 244 个数字
TSH-15  19.8% π 方案 1/1：贪心删减 104/347，保留 243 个数字
TSH-15  20.0% π 方案 1/1：贪心删减 105/347，保留 242 个数字
TSH-15  20.2% π 方案 1/1：贪心删减 106/347，保留 241 个数字
TSH-15  20.4% π 方案 1/1：贪心删减 107/347，保留 240 个数字
TSH-15  20.6% π 方案 1/1：贪心删减 108/347，保留 239 个数字
TSH-15  20.8% π 方案 1/1：贪心删减 109/347，保留 238 个数字
TSH-15  21.0% π 方案 1/1：贪心删减 110/347，保留 237 个数字
TSH-15  21.1% π 方案 1/1：贪心删减 111/347，保留 236 个数字
TSH-15  21.3% π 方案 1/1：贪心删减 112/347，保留 235 个数字
TSH-15  21.5% π 方案 1/1：贪心删减 113/347，保留 234 个数字
TSH-15  21.7% π 方案 1/1：贪心删减 114/347，保留 233 个数字
TSH-15  21.9% π 方案 1/1：贪心删减 115/347，保留 232 个数字
TSH-15  22.1% π 方案 1/1：贪心删减 116/347，保留 231 个数字
TSH-15  22.3% π 方案 1/1：贪心删减 117/347，保留 230 个数字
TSH-15  22.5% π 方案 1/1：贪心删减 118/347，保留 229 个数字
TSH-15  22.7% π 方案 1/1：贪心删减 119/347，保留 228 个数字
TSH-15  22.9% π 方案 1/1：贪心删减 120/347，保留 227 个数字
TSH-15  23.1% π 方案 1/1：贪心删减 121/347，保留 226 个数字
TSH-15  23.3% π 方案 1/1：贪心删减 122/347，保留 225 个数字
TSH-15  23.5% π 方案 1/1：贪心删减 123/347，保留 224 个数字
TSH-15  23.7% π 方案 1/1：贪心删减 124/347，保留 223 个数字
TSH-15  23.9% π 方案 1/1：贪心删减 125/347，保留 222 个数字
TSH-15  24.1% π 方案 1/1：贪心删减 126/347，保留 221 个数字
TSH-15  24.3% π 方案 1/1：贪心删减 127/347，保留 220 个数字
TSH-15  24.4% π 方案 1/1：贪心删减 128/347，保留 219 个数字
TSH-15  24.6% π 方案 1/1：贪心删减 129/347，保留 218 个数字
TSH-15  24.9% π 方案 1/1：贪心删减 130/347，保留 217 个数字
TSH-15  25.0% π 方案 1/1：贪心删减 131/347，保留 216 个数字
TSH-15  25.2% π 方案 1/1：贪心删减 132/347，保留 215 个数字
TSH-15  25.4% π 方案 1/1：贪心删减 133/347，保留 214 个数字
TSH-15  25.6% π 方案 1/1：贪心删减 134/347，保留 213 个数字
TSH-15  25.8% π 方案 1/1：贪心删减 135/347，保留 212 个数字
TSH-15  26.0% π 方案 1/1：贪心删减 136/347，保留 211 个数字
TSH-15  26.2% π 方案 1/1：贪心删减 137/347，保留 210 个数字
TSH-15  26.5% π 方案 1/1：贪心删减 138/347，保留 209 个数字
TSH-15  26.8% π 方案 1/1：贪心删减 139/347，保留 208 个数字
TSH-15  27.0% π 方案 1/1：贪心删减 140/347，保留 207 个数字
TSH-15  27.2% π 方案 1/1：贪心删减 141/347，保留 206 个数字
TSH-15  27.4% π 方案 1/1：贪心删减 142/347，保留 205 个数字
TSH-15  27.6% π 方案 1/1：贪心删减 143/347，保留 204 个数字
TSH-15  27.7% π 方案 1/1：贪心删减 144/347，保留 204 个数字
TSH-15  27.9% π 方案 1/1：贪心删减 145/347，保留 203 个数字
TSH-15  28.1% π 方案 1/1：贪心删减 146/347，保留 202 个数字
TSH-15  28.3% π 方案 1/1：贪心删减 147/347，保留 201 个数字
TSH-15  28.5% π 方案 1/1：贪心删减 148/347，保留 200 个数字
TSH-15  28.7% π 方案 1/1：贪心删减 149/347，保留 199 个数字
TSH-15  28.9% π 方案 1/1：贪心删减 150/347，保留 198 个数字
TSH-15  29.2% π 方案 1/1：贪心删减 151/347，保留 197 个数字
TSH-15  29.4% π 方案 1/1：贪心删减 152/347，保留 196 个数字
TSH-15  29.6% π 方案 1/1：贪心删减 153/347，保留 195 个数字
TSH-15  29.8% π 方案 1/1：贪心删减 154/347，保留 194 个数字
TSH-15  29.9% π 方案 1/1：贪心删减 155/347，保留 194 个数字
TSH-15  30.1% π 方案 1/1：贪心删减 156/347，保留 193 个数字
TSH-15  30.3% π 方案 1/1：贪心删减 157/347，保留 192 个数字
TSH-15  30.5% π 方案 1/1：贪心删减 158/347，保留 191 个数字
TSH-15  30.7% π 方案 1/1：贪心删减 159/347，保留 190 个数字
TSH-15  30.9% π 方案 1/1：贪心删减 160/347，保留 189 个数字
TSH-15  31.1% π 方案 1/1：贪心删减 161/347，保留 188 个数字
TSH-15  31.3% π 方案 1/1：贪心删减 162/347，保留 187 个数字
TSH-15  31.5% π 方案 1/1：贪心删减 163/347，保留 186 个数字
TSH-15  31.7% π 方案 1/1：贪心删减 164/347，保留 185 个数字
TSH-15  31.9% π 方案 1/1：贪心删减 165/347，保留 184 个数字
TSH-15  32.1% π 方案 1/1：贪心删减 166/347，保留 183 个数字
TSH-15  32.2% π 方案 1/1：贪心删减 167/347，保留 182 个数字
TSH-15  32.4% π 方案 1/1：贪心删减 168/347，保留 181 个数字
TSH-15  32.6% π 方案 1/1：贪心删减 169/347，保留 180 个数字
TSH-15  32.8% π 方案 1/1：贪心删减 170/347，保留 179 个数字
TSH-15  33.0% π 方案 1/1：贪心删减 171/347，保留 178 个数字
TSH-15  33.1% π 方案 1/1：贪心删减 172/347，保留 178 个数字
TSH-15  33.3% π 方案 1/1：贪心删减 173/347，保留 177 个数字
TSH-15  33.5% π 方案 1/1：贪心删减 174/347，保留 176 个数字
TSH-15  33.7% π 方案 1/1：贪心删减 175/347，保留 175 个数字
TSH-15  33.9% π 方案 1/1：贪心删减 176/347，保留 174 个数字
TSH-15  34.1% π 方案 1/1：贪心删减 177/347，保留 173 个数字
TSH-15  34.3% π 方案 1/1：贪心删减 178/347，保留 172 个数字
TSH-15  34.5% π 方案 1/1：贪心删减 179/347，保留 171 个数字
TSH-15  34.7% π 方案 1/1：贪心删减 180/347，保留 170 个数字
TSH-15  34.8% π 方案 1/1：贪心删减 181/347，保留 170 个数字
TSH-15  35.0% π 方案 1/1：贪心删减 182/347，保留 169 个数字
TSH-15  35.2% π 方案 1/1：贪心删减 183/347，保留 168 个数字
TSH-15  35.4% π 方案 1/1：贪心删减 184/347，保留 167 个数字
TSH-15  35.7% π 方案 1/1：贪心删减 185/347，保留 166 个数字
TSH-15  35.9% π 方案 1/1：贪心删减 186/347，保留 165 个数字
TSH-15  36.0% π 方案 1/1：贪心删减 187/347，保留 164 个数字
TSH-15  36.2% π 方案 1/1：贪心删减 188/347，保留 163 个数字
TSH-15  36.4% π 方案 1/1：贪心删减 189/347，保留 162 个数字
TSH-15  36.6% π 方案 1/1：贪心删减 190/347，保留 161 个数字
TSH-15  36.8% π 方案 1/1：贪心删减 191/347，保留 160 个数字
TSH-15  37.0% π 方案 1/1：贪心删减 192/347，保留 160 个数字
TSH-15  37.2% π 方案 1/1：贪心删减 193/347，保留 159 个数字
TSH-15  37.3% π 方案 1/1：贪心删减 194/347，保留 159 个数字
TSH-15  37.6% π 方案 1/1：贪心删减 195/347，保留 158 个数字
TSH-15  37.8% π 方案 1/1：贪心删减 196/347，保留 157 个数字
TSH-15  38.0% π 方案 1/1：贪心删减 197/347，保留 156 个数字
TSH-15  38.2% π 方案 1/1：贪心删减 198/347，保留 155 个数字
TSH-15  38.3% π 方案 1/1：贪心删减 199/347，保留 154 个数字
TSH-15  38.6% π 方案 1/1：贪心删减 200/347，保留 153 个数字
TSH-15  38.7% π 方案 1/1：贪心删减 201/347，保留 153 个数字
TSH-15  38.8% π 方案 1/1：贪心删减 202/347，保留 153 个数字
TSH-15  39.0% π 方案 1/1：贪心删减 203/347，保留 152 个数字
TSH-15  39.2% π 方案 1/1：贪心删减 204/347，保留 151 个数字
TSH-15  39.4% π 方案 1/1：贪心删减 205/347，保留 150 个数字
TSH-15  39.6% π 方案 1/1：贪心删减 206/347，保留 149 个数字
TSH-15  39.8% π 方案 1/1：贪心删减 207/347，保留 148 个数字
TSH-15  40.0% π 方案 1/1：贪心删减 208/347，保留 147 个数字
TSH-15  40.2% π 方案 1/1：贪心删减 209/347，保留 146 个数字
TSH-15  40.4% π 方案 1/1：贪心删减 210/347，保留 145 个数字
TSH-15  40.6% π 方案 1/1：贪心删减 211/347，保留 144 个数字
TSH-15  40.8% π 方案 1/1：贪心删减 212/347，保留 144 个数字
TSH-15  41.0% π 方案 1/1：贪心删减 213/347，保留 143 个数字
TSH-15  41.2% π 方案 1/1：贪心删减 214/347，保留 142 个数字
TSH-15  41.4% π 方案 1/1：贪心删减 215/347，保留 141 个数字
TSH-15  41.6% π 方案 1/1：贪心删减 216/347，保留 140 个数字
TSH-15  41.8% π 方案 1/1：贪心删减 217/347，保留 139 个数字
TSH-15  42.0% π 方案 1/1：贪心删减 218/347，保留 138 个数字
TSH-15  42.2% π 方案 1/1：贪心删减 219/347，保留 137 个数字
TSH-15  42.4% π 方案 1/1：贪心删减 220/347，保留 136 个数字
TSH-15  42.6% π 方案 1/1：贪心删减 221/347，保留 135 个数字
TSH-15  42.8% π 方案 1/1：贪心删减 222/347，保留 134 个数字
TSH-15  42.9% π 方案 1/1：贪心删减 223/347，保留 134 个数字
TSH-15  43.1% π 方案 1/1：贪心删减 224/347，保留 134 个数字
TSH-15  43.3% π 方案 1/1：贪心删减 225/347，保留 133 个数字
TSH-15  43.4% π 方案 1/1：贪心删减 226/347，保留 133 个数字
TSH-15  43.6% π 方案 1/1：贪心删减 227/347，保留 132 个数字
TSH-15  43.8% π 方案 1/1：贪心删减 228/347，保留 131 个数字
TSH-15  44.0% π 方案 1/1：贪心删减 229/347，保留 130 个数字
TSH-15  44.3% π 方案 1/1：贪心删减 230/347，保留 129 个数字
TSH-15  44.4% π 方案 1/1：贪心删减 231/347，保留 129 个数字
TSH-15  44.6% π 方案 1/1：贪心删减 232/347，保留 128 个数字
TSH-15  44.8% π 方案 1/1：贪心删减 233/347，保留 127 个数字
TSH-15  45.0% π 方案 1/1：贪心删减 234/347，保留 126 个数字
TSH-15  45.2% π 方案 1/1：贪心删减 235/347，保留 125 个数字
TSH-15  45.4% π 方案 1/1：贪心删减 236/347，保留 124 个数字
TSH-15  45.6% π 方案 1/1：贪心删减 237/347，保留 123 个数字
TSH-15  45.8% π 方案 1/1：贪心删减 238/347，保留 122 个数字
TSH-15  46.0% π 方案 1/1：贪心删减 239/347，保留 121 个数字
TSH-15  46.2% π 方案 1/1：贪心删减 240/347，保留 120 个数字
TSH-15  46.4% π 方案 1/1：贪心删减 241/347，保留 119 个数字
TSH-15  46.6% π 方案 1/1：贪心删减 242/347，保留 118 个数字
TSH-15  46.7% π 方案 1/1：贪心删减 243/347，保留 118 个数字
TSH-15  46.9% π 方案 1/1：贪心删减 244/347，保留 117 个数字
TSH-15  47.1% π 方案 1/1：贪心删减 245/347，保留 117 个数字
TSH-15  47.2% π 方案 1/1：贪心删减 246/347，保留 117 个数字
TSH-15  47.4% π 方案 1/1：贪心删减 247/347，保留 116 个数字
TSH-15  47.6% π 方案 1/1：贪心删减 248/347，保留 115 个数字
TSH-15  47.9% π 方案 1/1：贪心删减 249/347，保留 114 个数字
TSH-15  48.1% π 方案 1/1：贪心删减 250/347，保留 113 个数字
TSH-15  48.2% π 方案 1/1：贪心删减 251/347，保留 113 个数字
TSH-15  48.4% π 方案 1/1：贪心删减 252/347，保留 112 个数字
TSH-15  48.6% π 方案 1/1：贪心删减 253/347，保留 112 个数字
TSH-15  48.8% π 方案 1/1：贪心删减 254/347，保留 111 个数字
TSH-15  49.0% π 方案 1/1：贪心删减 255/347，保留 110 个数字
TSH-15  49.2% π 方案 1/1：贪心删减 256/347，保留 109 个数字
TSH-15  49.4% π 方案 1/1：贪心删减 257/347，保留 108 个数字
TSH-15  49.6% π 方案 1/1：贪心删减 258/347，保留 107 个数字
TSH-15  49.8% π 方案 1/1：贪心删减 259/347，保留 106 个数字
TSH-15  49.9% π 方案 1/1：贪心删减 260/347，保留 106 个数字
TSH-15  50.1% π 方案 1/1：贪心删减 261/347，保留 105 个数字
TSH-15  50.3% π 方案 1/1：贪心删减 262/347，保留 105 个数字
TSH-15  50.5% π 方案 1/1：贪心删减 263/347，保留 104 个数字
TSH-15  50.6% π 方案 1/1：贪心删减 264/347，保留 104 个数字
TSH-15  50.7% π 方案 1/1：贪心删减 265/347，保留 104 个数字
TSH-15  50.9% π 方案 1/1：贪心删减 266/347，保留 103 个数字
TSH-15  51.1% π 方案 1/1：贪心删减 267/347，保留 102 个数字
TSH-15  51.4% π 方案 1/1：贪心删减 268/347，保留 101 个数字
TSH-15  51.6% π 方案 1/1：贪心删减 269/347，保留 101 个数字
TSH-15  51.7% π 方案 1/1：贪心删减 270/347，保留 101 个数字
TSH-15  52.0% π 方案 1/1：贪心删减 271/347，保留 100 个数字
TSH-15  52.2% π 方案 1/1：贪心删减 272/347，保留 99 个数字
TSH-15  52.4% π 方案 1/1：贪心删减 273/347，保留 98 个数字
TSH-15  52.6% π 方案 1/1：贪心删减 274/347，保留 97 个数字
TSH-15  52.9% π 方案 1/1：贪心删减 275/347，保留 96 个数字
TSH-15  53.0% π 方案 1/1：贪心删减 276/347，保留 96 个数字
TSH-15  53.3% π 方案 1/1：贪心删减 277/347，保留 95 个数字
TSH-15  53.4% π 方案 1/1：贪心删减 278/347，保留 95 个数字
TSH-15  53.6% π 方案 1/1：贪心删减 279/347，保留 95 个数字
TSH-15  53.8% π 方案 1/1：贪心删减 280/347，保留 94 个数字
TSH-15  54.0% π 方案 1/1：贪心删减 281/347，保留 93 个数字
TSH-15  54.1% π 方案 1/1：贪心删减 282/347，保留 93 个数字
TSH-15  54.4% π 方案 1/1：贪心删减 283/347，保留 93 个数字
TSH-15  54.9% π 方案 1/1：贪心删减 284/347，保留 92 个数字
TSH-15  55.5% π 方案 1/1：贪心删减 285/347，保留 91 个数字
TSH-15  55.8% π 方案 1/1，已排除 30 个替代解
TSH-15  56.2% π 方案 1/1，已排除 31 个替代解
TSH-15  56.6% π 方案 1/1，已排除 32 个替代解
TSH-15  57.2% π 方案 1/1，已排除 33 个替代解
TSH-15  57.5% π 方案 1/1，已排除 34 个替代解
TSH-15  58.0% π 方案 1/1，已排除 35 个替代解
TSH-15  58.4% π 方案 1/1，已排除 36 个替代解
TSH-15  58.8% π 方案 1/1，已排除 37 个替代解
TSH-15  59.3% π 方案 1/1，已排除 38 个替代解
TSH-15  59.8% π 方案 1/1，已排除 39 个替代解
TSH-15  60.2% π 方案 1/1，已排除 40 个替代解
TSH-15  60.7% π 方案 1/1，已排除 41 个替代解
TSH-15  61.3% π 方案 1/1，已排除 42 个替代解
TSH-15  61.7% π 方案 1/1，已排除 43 个替代解
TSH-15  62.0% π 方案 1/1，已排除 44 个替代解
TSH-15  62.4% π 方案 1/1，已排除 45 个替代解
TSH-15  63.0% π 方案 1/1，已排除 46 个替代解
TSH-15  63.5% π 方案 1/1，已排除 47 个替代解
TSH-15  64.1% π 方案 1/1，已排除 48 个替代解
TSH-15  64.5% π 方案 1/1，已排除 49 个替代解
TSH-15  64.9% π 方案 1/1，已排除 50 个替代解
TSH-15  65.4% π 方案 1/1，已排除 51 个替代解
TSH-15  65.8% π 方案 1/1，已排除 52 个替代解
TSH-15  66.2% π 方案 1/1，已排除 53 个替代解
TSH-15  66.9% π 方案 1/1，已排除 54 个替代解
TSH-15  67.3% π 方案 1/1，已排除 55 个替代解
TSH-15  67.7% π 方案 1/1，已排除 56 个替代解
TSH-15  68.1% π 方案 1/1，已排除 57 个替代解
TSH-15  68.6% π 方案 1/1，已排除 58 个替代解
TSH-15  69.0% π 方案 1/1，已排除 59 个替代解
TSH-15  69.4% π 方案 1/1，已排除 60 个替代解
TSH-15  69.9% π 方案 1/1，已排除 61 个替代解
TSH-15  70.4% π 方案 1/1，已排除 62 个替代解
TSH-15  70.9% π 方案 1/1，已排除 63 个替代解
TSH-15  71.4% π 方案 1/1，已排除 64 个替代解
TSH-15  71.9% π 方案 1/1，已排除 65 个替代解
TSH-15  72.3% π 方案 1/1，已排除 66 个替代解
TSH-15  72.8% π 方案 1/1，已排除 67 个替代解
TSH-15  73.2% π 方案 1/1，已排除 68 个替代解
TSH-15  73.7% π 方案 1/1，已排除 69 个替代解
TSH-15  74.2% π 方案 1/1，已排除 70 个替代解
TSH-15  74.6% π 方案 1/1，已排除 71 个替代解
TSH-15  74.9% π 方案 1/1，已排除 72 个替代解
TSH-15  75.3% π 方案 1/1，已排除 73 个替代解
TSH-15  75.7% π 方案 1/1，已排除 74 个替代解
TSH-15  76.3% π 方案 1/1，已排除 75 个替代解
TSH-15  76.9% π 方案 1/1，已排除 76 个替代解
TSH-15  77.5% π 方案 1/1，已排除 77 个替代解
TSH-15  77.9% π 方案 1/1，已排除 78 个替代解
TSH-15  78.5% π 方案 1/1，已排除 79 个替代解
TSH-15  79.0% π 方案 1/1，已排除 80 个替代解
TSH-15  79.6% π 方案 1/1，已排除 81 个替代解
TSH-15  80.2% π 方案 1/1，已排除 82 个替代解
TSH-15  80.7% π 方案 1/1，已排除 83 个替代解
TSH-15  81.2% π 方案 1/1，已排除 84 个替代解
TSH-15  81.7% π 方案 1/1，已排除 85 个替代解
TSH-15  82.3% π 方案 1/1，已排除 86 个替代解
TSH-15  83.0% π 方案 1/1，已排除 87 个替代解
TSH-15  83.6% π 方案 1/1，已排除 88 个替代解
TSH-15  84.1% π 方案 1/1，已排除 89 个替代解
TSH-15  84.7% π 方案 1/1，已排除 90 个替代解
TSH-15  85.2% π 方案 1/1，已排除 91 个替代解
TSH-15  85.5% π 方案 1/1，已排除 92 个替代解
TSH-15  85.7% π 方案 1/1，已排除 93 个替代解
TSH-15  86.0% π 方案 1/1，已排除 94 个替代解
TSH-15  86.2% π 方案 1/1，已排除 95 个替代解
TSH-15  86.4% π 方案 1/1，已排除 96 个替代解
TSH-15  86.6% π 方案 1/1，已排除 97 个替代解
TSH-15  87.0% π 方案 1/1，已排除 98 个替代解
TSH-15  87.2% π 方案 1/1，已排除 99 个替代解
TSH-15  87.5% π 方案 1/1，已排除 100 个替代解
TSH-15  87.8% π 方案 1/1，已排除 101 个替代解
TSH-15  88.0% π 方案 1/1，已排除 102 个替代解
TSH-15  88.4% π 方案 1/1，已排除 103 个替代解
TSH-15  88.7% π 方案 1/1，已排除 104 个替代解
TSH-15  88.9% π 方案 1/1，已排除 105 个替代解
TSH-15  89.2% π 方案 1/1，已排除 106 个替代解
TSH-15  89.6% π 方案 1/1，已排除 107 个替代解
TSH-15  89.9% π 方案 1/1，已排除 108 个替代解
TSH-15  90.2% π 方案 1/1，已排除 109 个替代解
TSH-15  90.4% π 方案 1/1，已排除 110 个替代解
TSH-15  90.8% π 方案 1/1，已排除 111 个替代解
TSH-15  91.1% π 方案 1/1，已排除 112 个替代解
TSH-15  91.4% π 方案 1/1，已排除 113 个替代解
TSH-15  91.7% π 方案 1/1，已排除 114 个替代解
TSH-15  92.0% π 方案 1/1，已排除 115 个替代解
TSH-15  92.2% π 方案 1/1，已排除 116 个替代解
TSH-15  92.5% π 方案 1/1，已排除 117 个替代解
TSH-15  92.8% π 方案 1/1，已排除 118 个替代解
TSH-15  93.2% π 方案 1/1，已排除 119 个替代解
TSH-15  93.4% π 方案 1/1，已排除 120 个替代解
TSH-15  93.7% π 方案 1/1，已排除 121 个替代解
TSH-15  94.1% π 方案 1/1，已排除 122 个替代解
TSH-15  94.5% π 方案 1/1，已排除 123 个替代解
TSH-15  94.8% π 方案 1/1，已排除 124 个替代解
TSH-15  95.1% π 方案 1/1，已排除 125 个替代解
TSH-15  95.4% π 方案 1/1，已排除 126 个替代解
TSH-15  95.7% π 方案 1/1，已排除 127 个替代解
TSH-15  96.0% π 方案 1/1，已排除 128 个替代解
TSH-15  96.4% π 方案 1/1，已排除 129 个替代解
TSH-15  96.8% π 方案 1/1，已排除 130 个替代解
TSH-15  97.0% π 方案 1/1，已排除 131 个替代解
TSH-15  97.4% π 方案 1/1，已排除 132 个替代解
TSH-15  97.8% π 方案 1/1，已排除 133 个替代解
TSH-15  98.2% π 方案 1/1，已排除 134 个替代解
TSH-15  98.5% π 方案 1/1，已排除 135 个替代解
TSH-15  99.0% π 方案 1/1，已排除 136 个替代解
TSH-15  99.5% π 方案 1/1，已排除 137 个替代解
TSH-15  99.9% π 方案 1/1，已排除 138 个替代解
TSH-15 100.0% 生成完成
