复用已生成的 TSH-13
复用已生成的 TSH-14
开始生成 TSH-15（5 级，最长 1800 秒）
TSH-15   0.1% π 方案 1/1：验证全提示基线
TSH-15   0.3% π 方案 1/1：贪心删减 1/347，保留 346 个数字
TSH-15   0.4% π 方案 1/1：贪心删减 2/347，保留 345 个数字
TSH-15   0.5% π 方案 1/1：贪心删减 3/347，保留 344 个数字
TSH-15   0.6% π 方案 1/1：贪心删减 4/347，保留 343 个数字
TSH-15   0.7% π 方案 1/1：贪心删减 5/347，保留 342 个数字
TSH-15   0.8% π 方案 1/1：贪心删减 6/347，保留 341 个数字
TSH-15   0.9% π 方案 1/1：贪心删减 7/347，保留 340 个数字
TSH-15   1.0% π 方案 1/1：贪心删减 8/347，保留 339 个数字
TSH-15   1.1% π 方案 1/1：贪心删减 9/347，保留 338 个数字
TSH-15   1.2% π 方案 1/1：贪心删减 10/347，保留 337 个数字
TSH-15   1.3% π 方案 1/1：贪心删减 11/347，保留 336 个数字
TSH-15   1.3% π 方案 1/1：贪心删减 12/347，保留 335 个数字
TSH-15   1.4% π 方案 1/1：贪心删减 13/347，保留 334 个数字
TSH-15   1.5% π 方案 1/1：贪心删减 14/347，保留 333 个数字
TSH-15   1.6% π 方案 1/1：贪心删减 15/347，保留 332 个数字
TSH-15   1.6% π 方案 1/1：贪心删减 16/347，保留 331 个数字
TSH-15   1.7% π 方案 1/1：贪心删减 17/347，保留 330 个数字
TSH-15   1.8% π 方案 1/1：贪心删减 18/347，保留 329 个数字
TSH-15   1.9% π 方案 1/1：贪心删减 19/347，保留 328 个数字
TSH-15   2.0% π 方案 1/1：贪心删减 20/347，保留 327 个数字
TSH-15   2.1% π 方案 1/1：贪心删减 21/347，保留 326 个数字
TSH-15   2.2% π 方案 1/1：贪心删减 22/347，保留 325 个数字
TSH-15   2.3% π 方案 1/1：贪心删减 23/347，保留 324 个数字
TSH-15   2.3% π 方案 1/1：贪心删减 24/347，保留 323 个数字
TSH-15   2.4% π 方案 1/1：贪心删减 25/347，保留 322 个数字
TSH-15   2.5% π 方案 1/1：贪心删减 26/347，保留 321 个数字
TSH-15   2.6% π 方案 1/1：贪心删减 27/347，保留 320 个数字
TSH-15   2.7% π 方案 1/1：贪心删减 28/347，保留 319 个数字
TSH-15   2.8% π 方案 1/1：贪心删减 29/347，保留 318 个数字
TSH-15   2.8% π 方案 1/1：贪心删减 30/347，保留 317 个数字
TSH-15   2.9% π 方案 1/1：贪心删减 31/347，保留 316 个数字
TSH-15   3.0% π 方案 1/1：贪心删减 32/347，保留 315 个数字
TSH-15   3.1% π 方案 1/1：贪心删减 33/347，保留 314 个数字
TSH-15   3.1% π 方案 1/1：贪心删减 34/347，保留 313 个数字
TSH-15   3.2% π 方案 1/1：贪心删减 35/347，保留 312 个数字
TSH-15   3.3% π 方案 1/1：贪心删减 36/347，保留 311 个数字
TSH-15   3.4% π 方案 1/1：贪心删减 37/347，保留 310 个数字
TSH-15   3.4% π 方案 1/1：贪心删减 38/347，保留 309 个数字
TSH-15   3.5% π 方案 1/1：贪心删减 39/347，保留 308 个数字
TSH-15   3.6% π 方案 1/1：贪心删减 40/347，保留 307 个数字
TSH-15   3.7% π 方案 1/1：贪心删减 41/347，保留 306 个数字
TSH-15   3.8% π 方案 1/1：贪心删减 42/347，保留 305 个数字
TSH-15   3.8% π 方案 1/1：贪心删减 43/347，保留 304 个数字
TSH-15   3.9% π 方案 1/1：贪心删减 44/347，保留 303 个数字
TSH-15   4.0% π 方案 1/1：贪心删减 45/347，保留 302 个数字
TSH-15   4.1% π 方案 1/1：贪心删减 46/347，保留 301 个数字
TSH-15   4.1% π 方案 1/1：贪心删减 47/347，保留 300 个数字
TSH-15   4.2% π 方案 1/1：贪心删减 48/347，保留 299 个数字
TSH-15   4.3% π 方案 1/1：贪心删减 49/347，保留 298 个数字
TSH-15   4.4% π 方案 1/1：贪心删减 50/347，保留 297 个数字
TSH-15   4.5% π 方案 1/1：贪心删减 51/347，保留 296 个数字
TSH-15   4.6% π 方案 1/1：贪心删减 52/347，保留 295 个数字
TSH-15   4.7% π 方案 1/1：贪心删减 53/347，保留 294 个数字
TSH-15   4.8% π 方案 1/1：贪心删减 54/347，保留 293 个数字
TSH-15   4.8% π 方案 1/1：贪心删减 55/347，保留 292 个数字
TSH-15   4.9% π 方案 1/1：贪心删减 56/347，保留 291 个数字
TSH-15   5.0% π 方案 1/1：贪心删减 57/347，保留 290 个数字
TSH-15   5.1% π 方案 1/1：贪心删减 58/347，保留 289 个数字
TSH-15   5.2% π 方案 1/1：贪心删减 59/347，保留 288 个数字
TSH-15   5.3% π 方案 1/1：贪心删减 60/347，保留 287 个数字
TSH-15   5.4% π 方案 1/1：贪心删减 61/347，保留 286 个数字
TSH-15   5.4% π 方案 1/1：贪心删减 62/347，保留 285 个数字
TSH-15   5.5% π 方案 1/1：贪心删减 63/347，保留 284 个数字
TSH-15   5.6% π 方案 1/1：贪心删减 64/347，保留 283 个数字
TSH-15   5.7% π 方案 1/1：贪心删减 65/347，保留 282 个数字
TSH-15   5.8% π 方案 1/1：贪心删减 66/347，保留 281 个数字
TSH-15   5.8% π 方案 1/1：贪心删减 67/347，保留 280 个数字
TSH-15   5.9% π 方案 1/1：贪心删减 68/347，保留 279 个数字
TSH-15   6.0% π 方案 1/1：贪心删减 69/347，保留 278 个数字
TSH-15   6.1% π 方案 1/1：贪心删减 70/347，保留 277 个数字
TSH-15   6.1% π 方案 1/1：贪心删减 71/347，保留 276 个数字
TSH-15   6.2% π 方案 1/1：贪心删减 72/347，保留 275 个数字
TSH-15   6.3% π 方案 1/1：贪心删减 73/347，保留 274 个数字
TSH-15   6.4% π 方案 1/1：贪心删减 74/347，保留 273 个数字
TSH-15   6.5% π 方案 1/1：贪心删减 75/347，保留 272 个数字
TSH-15   6.5% π 方案 1/1：贪心删减 76/347，保留 271 个数字
TSH-15   6.6% π 方案 1/1：贪心删减 77/347，保留 270 个数字
TSH-15   6.7% π 方案 1/1：贪心删减 78/347，保留 269 个数字
TSH-15   6.8% π 方案 1/1：贪心删减 79/347，保留 268 个数字
TSH-15   6.8% π 方案 1/1：贪心删减 80/347，保留 268 个数字
TSH-15   6.9% π 方案 1/1：贪心删减 81/347，保留 267 个数字
TSH-15   7.0% π 方案 1/1：贪心删减 82/347，保留 266 个数字
TSH-15   7.0% π 方案 1/1：贪心删减 83/347，保留 265 个数字
TSH-15   7.1% π 方案 1/1：贪心删减 84/347，保留 264 个数字
TSH-15   7.2% π 方案 1/1：贪心删减 85/347，保留 263 个数字
TSH-15   7.2% π 方案 1/1：贪心删减 86/347，保留 262 个数字
TSH-15   7.3% π 方案 1/1：贪心删减 87/347，保留 261 个数字
TSH-15   7.4% π 方案 1/1：贪心删减 88/347，保留 260 个数字
TSH-15   7.5% π 方案 1/1：贪心删减 89/347，保留 259 个数字
TSH-15   7.5% π 方案 1/1：贪心删减 90/347，保留 258 个数字
TSH-15   7.6% π 方案 1/1：贪心删减 91/347，保留 257 个数字
TSH-15   7.7% π 方案 1/1：贪心删减 92/347，保留 256 个数字
TSH-15   7.8% π 方案 1/1：贪心删减 93/347，保留 255 个数字
TSH-15   7.8% π 方案 1/1：贪心删减 94/347，保留 254 个数字
TSH-15   7.9% π 方案 1/1：贪心删减 95/347，保留 253 个数字
TSH-15   8.0% π 方案 1/1：贪心删减 96/347，保留 252 个数字
TSH-15   8.1% π 方案 1/1：贪心删减 97/347，保留 251 个数字
TSH-15   8.1% π 方案 1/1：贪心删减 98/347，保留 250 个数字
TSH-15   8.2% π 方案 1/1：贪心删减 99/347，保留 249 个数字
TSH-15   8.3% π 方案 1/1：贪心删减 100/347，保留 248 个数字
TSH-15   8.4% π 方案 1/1：贪心删减 101/347，保留 247 个数字
TSH-15   8.4% π 方案 1/1：贪心删减 102/347，保留 246 个数字
TSH-15   8.5% π 方案 1/1：贪心删减 103/347，保留 245 个数字
TSH-15   8.6% π 方案 1/1：贪心删减 104/347，保留 244 个数字
TSH-15   8.6% π 方案 1/1：贪心删减 105/347，保留 243 个数字
TSH-15   8.7% π 方案 1/1：贪心删减 106/347，保留 242 个数字
TSH-15   8.7% π 方案 1/1：贪心删减 107/347，保留 242 个数字
TSH-15   8.8% π 方案 1/1：贪心删减 108/347，保留 242 个数字
TSH-15   8.8% π 方案 1/1：贪心删减 109/347，保留 241 个数字
TSH-15   8.9% π 方案 1/1：贪心删减 110/347，保留 240 个数字
TSH-15   9.0% π 方案 1/1：贪心删减 111/347，保留 239 个数字
TSH-15   9.0% π 方案 1/1：贪心删减 112/347，保留 238 个数字
TSH-15   9.1% π 方案 1/1：贪心删减 113/347，保留 238 个数字
TSH-15   9.1% π 方案 1/1：贪心删减 114/347，保留 237 个数字
TSH-15   9.2% π 方案 1/1：贪心删减 115/347，保留 236 个数字
TSH-15   9.3% π 方案 1/1：贪心删减 116/347，保留 235 个数字
TSH-15   9.3% π 方案 1/1：贪心删减 117/347，保留 234 个数字
TSH-15   9.4% π 方案 1/1：贪心删减 118/347，保留 233 个数字
TSH-15   9.5% π 方案 1/1：贪心删减 119/347，保留 232 个数字
TSH-15   9.5% π 方案 1/1：贪心删减 120/347，保留 232 个数字
TSH-15   9.6% π 方案 1/1：贪心删减 121/347，保留 231 个数字
TSH-15   9.7% π 方案 1/1：贪心删减 122/347，保留 230 个数字
TSH-15   9.7% π 方案 1/1：贪心删减 123/347，保留 229 个数字
TSH-15   9.8% π 方案 1/1：贪心删减 124/347，保留 228 个数字
TSH-15   9.9% π 方案 1/1：贪心删减 125/347，保留 227 个数字
TSH-15   9.9% π 方案 1/1：贪心删减 126/347，保留 226 个数字
TSH-15  10.0% π 方案 1/1：贪心删减 127/347，保留 225 个数字
TSH-15  10.1% π 方案 1/1：贪心删减 128/347，保留 224 个数字
TSH-15  10.2% π 方案 1/1：贪心删减 129/347，保留 223 个数字
TSH-15  10.2% π 方案 1/1：贪心删减 130/347，保留 222 个数字
TSH-15  10.3% π 方案 1/1：贪心删减 131/347，保留 221 个数字
TSH-15  10.4% π 方案 1/1：贪心删减 132/347，保留 220 个数字
TSH-15  10.4% π 方案 1/1：贪心删减 133/347，保留 219 个数字
TSH-15  10.5% π 方案 1/1：贪心删减 134/347，保留 219 个数字
TSH-15  10.6% π 方案 1/1：贪心删减 135/347，保留 218 个数字
TSH-15  10.6% π 方案 1/1：贪心删减 136/347，保留 217 个数字
TSH-15  10.7% π 方案 1/1：贪心删减 137/347，保留 216 个数字
TSH-15  10.8% π 方案 1/1：贪心删减 138/347，保留 215 个数字
TSH-15  10.9% π 方案 1/1：贪心删减 139/347，保留 214 个数字
TSH-15  10.9% π 方案 1/1：贪心删减 140/347，保留 214 个数字
TSH-15  10.9% π 方案 1/1：贪心删减 141/347，保留 214 个数字
TSH-15  11.0% π 方案 1/1：贪心删减 142/347，保留 213 个数字
TSH-15  11.1% π 方案 1/1：贪心删减 143/347，保留 212 个数字
TSH-15  11.2% π 方案 1/1：贪心删减 144/347，保留 211 个数字
TSH-15  11.2% π 方案 1/1：贪心删减 145/347，保留 210 个数字
TSH-15  11.3% π 方案 1/1：贪心删减 146/347，保留 209 个数字
TSH-15  11.4% π 方案 1/1：贪心删减 147/347，保留 208 个数字
TSH-15  11.4% π 方案 1/1：贪心删减 148/347，保留 207 个数字
TSH-15  11.5% π 方案 1/1：贪心删减 149/347，保留 206 个数字
TSH-15  11.6% π 方案 1/1：贪心删减 150/347，保留 205 个数字
TSH-15  11.7% π 方案 1/1：贪心删减 151/347，保留 204 个数字
TSH-15  11.7% π 方案 1/1：贪心删减 152/347，保留 203 个数字
TSH-15  11.8% π 方案 1/1：贪心删减 153/347，保留 202 个数字
TSH-15  11.9% π 方案 1/1：贪心删减 154/347，保留 201 个数字
TSH-15  11.9% π 方案 1/1：贪心删减 155/347，保留 200 个数字
TSH-15  12.0% π 方案 1/1：贪心删减 156/347，保留 199 个数字
TSH-15  12.1% π 方案 1/1：贪心删减 157/347，保留 198 个数字
TSH-15  12.1% π 方案 1/1：贪心删减 158/347，保留 197 个数字
TSH-15  12.2% π 方案 1/1：贪心删减 159/347，保留 196 个数字
TSH-15  12.3% π 方案 1/1：贪心删减 160/347，保留 195 个数字
TSH-15  12.4% π 方案 1/1：贪心删减 161/347，保留 194 个数字
TSH-15  12.4% π 方案 1/1：贪心删减 162/347，保留 194 个数字
TSH-15  12.5% π 方案 1/1：贪心删减 163/347，保留 193 个数字
TSH-15  12.5% π 方案 1/1：贪心删减 164/347，保留 192 个数字
TSH-15  12.6% π 方案 1/1：贪心删减 165/347，保留 191 个数字
TSH-15  12.7% π 方案 1/1：贪心删减 166/347，保留 190 个数字
TSH-15  12.8% π 方案 1/1：贪心删减 167/347，保留 189 个数字
TSH-15  12.8% π 方案 1/1：贪心删减 168/347，保留 188 个数字
TSH-15  12.9% π 方案 1/1：贪心删减 169/347，保留 187 个数字
TSH-15  13.0% π 方案 1/1：贪心删减 170/347，保留 186 个数字
TSH-15  13.0% π 方案 1/1：贪心删减 171/347，保留 185 个数字
TSH-15  13.1% π 方案 1/1：贪心删减 172/347，保留 184 个数字
TSH-15  13.2% π 方案 1/1：贪心删减 173/347，保留 183 个数字
TSH-15  13.3% π 方案 1/1：贪心删减 174/347，保留 182 个数字
TSH-15  13.3% π 方案 1/1：贪心删减 175/347，保留 182 个数字
TSH-15  13.4% π 方案 1/1：贪心删减 176/347，保留 181 个数字
TSH-15  13.5% π 方案 1/1：贪心删减 177/347，保留 180 个数字
TSH-15  13.5% π 方案 1/1：贪心删减 178/347，保留 179 个数字
TSH-15  13.6% π 方案 1/1：贪心删减 179/347，保留 178 个数字
TSH-15  13.6% π 方案 1/1：贪心删减 180/347，保留 178 个数字
TSH-15  13.7% π 方案 1/1：贪心删减 181/347，保留 178 个数字
TSH-15  13.7% π 方案 1/1：贪心删减 182/347，保留 178 个数字
TSH-15  13.8% π 方案 1/1：贪心删减 183/347，保留 178 个数字
TSH-15  13.9% π 方案 1/1：贪心删减 184/347，保留 177 个数字
TSH-15  13.9% π 方案 1/1：贪心删减 185/347，保留 176 个数字
TSH-15  14.0% π 方案 1/1：贪心删减 186/347，保留 175 个数字
TSH-15  14.1% π 方案 1/1：贪心删减 187/347，保留 174 个数字
TSH-15  14.2% π 方案 1/1：贪心删减 188/347，保留 173 个数字
TSH-15  14.3% π 方案 1/1：贪心删减 189/347，保留 172 个数字
TSH-15  14.3% π 方案 1/1：贪心删减 190/347，保留 171 个数字
TSH-15  14.4% π 方案 1/1：贪心删减 191/347，保留 170 个数字
TSH-15  14.5% π 方案 1/1：贪心删减 192/347，保留 169 个数字
TSH-15  14.6% π 方案 1/1：贪心删减 193/347，保留 168 个数字
TSH-15  14.6% π 方案 1/1：贪心删减 194/347，保留 167 个数字
TSH-15  14.8% π 方案 1/1：贪心删减 195/347，保留 166 个数字
TSH-15  14.8% π 方案 1/1：贪心删减 196/347，保留 166 个数字
TSH-15  14.9% π 方案 1/1：贪心删减 197/347，保留 165 个数字
TSH-15  15.0% π 方案 1/1：贪心删减 198/347，保留 164 个数字
TSH-15  15.0% π 方案 1/1：贪心删减 199/347，保留 164 个数字
TSH-15  15.1% π 方案 1/1：贪心删减 200/347，保留 164 个数字
TSH-15  15.1% π 方案 1/1：贪心删减 201/347，保留 164 个数字
TSH-15  15.2% π 方案 1/1：贪心删减 202/347，保留 163 个数字
TSH-15  15.3% π 方案 1/1：贪心删减 203/347，保留 162 个数字
TSH-15  15.4% π 方案 1/1：贪心删减 204/347，保留 161 个数字
TSH-15  15.4% π 方案 1/1：贪心删减 205/347，保留 160 个数字
TSH-15  15.5% π 方案 1/1：贪心删减 206/347，保留 159 个数字
TSH-15  15.6% π 方案 1/1：贪心删减 207/347，保留 158 个数字
TSH-15  15.7% π 方案 1/1：贪心删减 208/347，保留 157 个数字
TSH-15  15.8% π 方案 1/1：贪心删减 209/347，保留 156 个数字
TSH-15  15.8% π 方案 1/1：贪心删减 210/347，保留 156 个数字
TSH-15  15.9% π 方案 1/1：贪心删减 211/347，保留 156 个数字
TSH-15  15.9% π 方案 1/1：贪心删减 212/347，保留 155 个数字
TSH-15  16.0% π 方案 1/1：贪心删减 213/347，保留 155 个数字
TSH-15  16.0% π 方案 1/1：贪心删减 214/347，保留 155 个数字
TSH-15  16.1% π 方案 1/1：贪心删减 215/347，保留 154 个数字
TSH-15  16.2% π 方案 1/1：贪心删减 216/347，保留 153 个数字
TSH-15  16.2% π 方案 1/1：贪心删减 217/347，保留 153 个数字
TSH-15  16.3% π 方案 1/1：贪心删减 218/347，保留 152 个数字
TSH-15  16.4% π 方案 1/1：贪心删减 219/347，保留 151 个数字
TSH-15  16.4% π 方案 1/1：贪心删减 220/347，保留 151 个数字
TSH-15  16.5% π 方案 1/1：贪心删减 221/347，保留 150 个数字
TSH-15  16.6% π 方案 1/1：贪心删减 222/347，保留 150 个数字
TSH-15  16.6% π 方案 1/1：贪心删减 223/347，保留 150 个数字
TSH-15  16.7% π 方案 1/1：贪心删减 224/347，保留 150 个数字
TSH-15  16.7% π 方案 1/1：贪心删减 225/347，保留 150 个数字
TSH-15  16.8% π 方案 1/1：贪心删减 226/347，保留 149 个数字
TSH-15  16.9% π 方案 1/1：贪心删减 227/347，保留 148 个数字
TSH-15  17.0% π 方案 1/1：贪心删减 228/347，保留 147 个数字
TSH-15  17.0% π 方案 1/1：贪心删减 229/347，保留 147 个数字
TSH-15  17.1% π 方案 1/1：贪心删减 230/347，保留 146 个数字
TSH-15  17.1% π 方案 1/1：贪心删减 231/347，保留 146 个数字
TSH-15  17.2% π 方案 1/1：贪心删减 232/347，保留 146 个数字
TSH-15  17.3% π 方案 1/1：贪心删减 233/347，保留 145 个数字
TSH-15  17.3% π 方案 1/1：贪心删减 234/347，保留 145 个数字
TSH-15  17.4% π 方案 1/1：贪心删减 235/347，保留 144 个数字
TSH-15  17.4% π 方案 1/1：贪心删减 236/347，保留 144 个数字
TSH-15  17.5% π 方案 1/1：贪心删减 237/347，保留 143 个数字
TSH-15  17.6% π 方案 1/1：贪心删减 238/347，保留 142 个数字
TSH-15  17.7% π 方案 1/1：贪心删减 239/347，保留 141 个数字
TSH-15  17.8% π 方案 1/1：贪心删减 240/347，保留 140 个数字
TSH-15  17.9% π 方案 1/1：贪心删减 241/347，保留 139 个数字
TSH-15  17.9% π 方案 1/1：贪心删减 242/347，保留 139 个数字
TSH-15  18.0% π 方案 1/1：贪心删减 243/347，保留 138 个数字
TSH-15  18.1% π 方案 1/1：贪心删减 244/347，保留 137 个数字
TSH-15  18.2% π 方案 1/1：贪心删减 245/347，保留 136 个数字
TSH-15  18.2% π 方案 1/1：贪心删减 246/347，保留 135 个数字
TSH-15  18.3% π 方案 1/1：贪心删减 247/347，保留 134 个数字
TSH-15  18.4% π 方案 1/1：贪心删减 248/347，保留 134 个数字
TSH-15  18.4% π 方案 1/1：贪心删减 249/347，保留 134 个数字
TSH-15  18.5% π 方案 1/1：贪心删减 250/347，保留 134 个数字
TSH-15  18.5% π 方案 1/1：贪心删减 251/347，保留 133 个数字
TSH-15  18.6% π 方案 1/1：贪心删减 252/347，保留 132 个数字
TSH-15  18.7% π 方案 1/1：贪心删减 253/347，保留 132 个数字
TSH-15  18.8% π 方案 1/1：贪心删减 254/347，保留 131 个数字
TSH-15  18.9% π 方案 1/1：贪心删减 255/347，保留 130 个数字
TSH-15  18.9% π 方案 1/1：贪心删减 256/347，保留 130 个数字
TSH-15  19.0% π 方案 1/1：贪心删减 257/347，保留 129 个数字
TSH-15  19.1% π 方案 1/1：贪心删减 258/347，保留 128 个数字
TSH-15  19.2% π 方案 1/1：贪心删减 259/347，保留 127 个数字
TSH-15  19.3% π 方案 1/1：贪心删减 260/347，保留 126 个数字
TSH-15  19.3% π 方案 1/1：贪心删减 261/347，保留 126 个数字
TSH-15  19.4% π 方案 1/1：贪心删减 262/347，保留 125 个数字
TSH-15  19.4% π 方案 1/1：贪心删减 263/347，保留 125 个数字
TSH-15  19.5% π 方案 1/1：贪心删减 264/347，保留 125 个数字
TSH-15  19.6% π 方案 1/1：贪心删减 265/347，保留 124 个数字
TSH-15  19.7% π 方案 1/1：贪心删减 266/347，保留 124 个数字
TSH-15  19.8% π 方案 1/1：贪心删减 267/347，保留 123 个数字
TSH-15  19.9% π 方案 1/1：贪心删减 268/347，保留 122 个数字
TSH-15  20.0% π 方案 1/1：贪心删减 269/347，保留 121 个数字
TSH-15  20.0% π 方案 1/1：贪心删减 270/347，保留 121 个数字
TSH-15  20.1% π 方案 1/1：贪心删减 271/347，保留 121 个数字
TSH-15  20.2% π 方案 1/1：贪心删减 272/347，保留 120 个数字
TSH-15  20.3% π 方案 1/1：贪心删减 273/347，保留 119 个数字
TSH-15  20.4% π 方案 1/1：贪心删减 274/347，保留 118 个数字
TSH-15  20.4% π 方案 1/1：贪心删减 275/347，保留 118 个数字
TSH-15  20.5% π 方案 1/1：贪心删减 276/347，保留 118 个数字
TSH-15  20.5% π 方案 1/1：贪心删减 277/347，保留 118 个数字
TSH-15  20.7% π 方案 1/1：贪心删减 278/347，保留 117 个数字
TSH-15  20.8% π 方案 1/1：贪心删减 279/347，保留 116 个数字
TSH-15  20.8% π 方案 1/1：贪心删减 280/347，保留 116 个数字
TSH-15  20.9% π 方案 1/1：贪心删减 281/347，保留 115 个数字
TSH-15  21.0% π 方案 1/1：贪心删减 282/347，保留 114 个数字
TSH-15  21.2% π 方案 1/1：贪心删减 283/347，保留 113 个数字
TSH-15  21.2% π 方案 1/1：贪心删减 284/347，保留 113 个数字
TSH-15  21.3% π 方案 1/1：贪心删减 285/347，保留 113 个数字
TSH-15  21.4% π 方案 1/1：贪心删减 286/347，保留 112 个数字
TSH-15  21.4% π 方案 1/1：贪心删减 287/347，保留 112 个数字
TSH-15  21.5% π 方案 1/1：贪心删减 288/347，保留 111 个数字
TSH-15  21.6% π 方案 1/1：贪心删减 289/347，保留 110 个数字
TSH-15  21.7% π 方案 1/1：贪心删减 290/347，保留 110 个数字
TSH-15  21.7% π 方案 1/1：贪心删减 291/347，保留 110 个数字
TSH-15  21.8% π 方案 1/1：贪心删减 292/347，保留 110 个数字
TSH-15  21.9% π 方案 1/1：贪心删减 293/347，保留 110 个数字
TSH-15  22.0% π 方案 1/1：贪心删减 294/347，保留 109 个数字
TSH-15  22.0% π 方案 1/1：贪心删减 295/347，保留 109 个数字
TSH-15  22.1% π 方案 1/1：贪心删减 296/347，保留 109 个数字
TSH-15  22.2% π 方案 1/1：贪心删减 297/347，保留 109 个数字
TSH-15  22.2% π 方案 1/1：贪心删减 298/347，保留 109 个数字
TSH-15  22.3% π 方案 1/1：贪心删减 299/347，保留 108 个数字
TSH-15  22.4% π 方案 1/1：贪心删减 300/347，保留 108 个数字
TSH-15  22.4% π 方案 1/1：贪心删减 301/347，保留 108 个数字
TSH-15  22.5% π 方案 1/1：贪心删减 302/347，保留 108 个数字
TSH-15  22.6% π 方案 1/1：贪心删减 303/347，保留 108 个数字
TSH-15  22.6% π 方案 1/1：贪心删减 304/347，保留 108 个数字
TSH-15  22.7% π 方案 1/1：贪心删减 305/347，保留 107 个数字
TSH-15  22.8% π 方案 1/1：贪心删减 306/347，保留 107 个数字
TSH-15  22.9% π 方案 1/1：贪心删减 307/347，保留 106 个数字
TSH-15  22.9% π 方案 1/1：贪心删减 308/347，保留 106 个数字
TSH-15  23.0% π 方案 1/1：贪心删减 309/347，保留 105 个数字
TSH-15  23.1% π 方案 1/1：贪心删减 310/347，保留 105 个数字
TSH-15  23.2% π 方案 1/1：贪心删减 311/347，保留 104 个数字
TSH-15  23.3% π 方案 1/1：贪心删减 312/347，保留 103 个数字
TSH-15  23.4% π 方案 1/1：贪心删减 313/347，保留 103 个数字
TSH-15  23.4% π 方案 1/1：贪心删减 314/347，保留 103 个数字
TSH-15  23.5% π 方案 1/1：贪心删减 315/347，保留 103 个数字
TSH-15  23.6% π 方案 1/1：贪心删减 316/347，保留 103 个数字
TSH-15  23.6% π 方案 1/1：贪心删减 317/347，保留 103 个数字
TSH-15  23.7% π 方案 1/1：贪心删减 318/347，保留 103 个数字
TSH-15  23.8% π 方案 1/1：贪心删减 319/347，保留 103 个数字
TSH-15  23.8% π 方案 1/1：贪心删减 320/347，保留 103 个数字
TSH-15  23.9% π 方案 1/1：贪心删减 321/347，保留 103 个数字
TSH-15  24.0% π 方案 1/1：贪心删减 322/347，保留 103 个数字
TSH-15  24.1% π 方案 1/1：贪心删减 323/347，保留 102 个数字
TSH-15  24.2% π 方案 1/1：贪心删减 324/347，保留 101 个数字
TSH-15  24.3% π 方案 1/1：贪心删减 325/347，保留 101 个数字
TSH-15  24.3% π 方案 1/1：贪心删减 326/347，保留 101 个数字
TSH-15  24.4% π 方案 1/1：贪心删减 327/347，保留 101 个数字
TSH-15  24.5% π 方案 1/1：贪心删减 328/347，保留 100 个数字
TSH-15  24.6% π 方案 1/1：贪心删减 329/347，保留 99 个数字
TSH-15  24.7% π 方案 1/1：贪心删减 330/347，保留 99 个数字
TSH-15  24.8% π 方案 1/1：贪心删减 331/347，保留 99 个数字
TSH-15  24.9% π 方案 1/1：贪心删减 332/347，保留 98 个数字
TSH-15  25.0% π 方案 1/1：贪心删减 333/347，保留 98 个数字
TSH-15  25.0% π 方案 1/1：贪心删减 334/347，保留 98 个数字
TSH-15  25.1% π 方案 1/1：贪心删减 335/347，保留 98 个数字
TSH-15  25.2% π 方案 1/1：贪心删减 336/347，保留 98 个数字
TSH-15  25.2% π 方案 1/1：贪心删减 337/347，保留 98 个数字
TSH-15  25.3% π 方案 1/1：贪心删减 338/347，保留 98 个数字
TSH-15  25.4% π 方案 1/1：贪心删减 339/347，保留 98 个数字
TSH-15  25.4% π 方案 1/1：贪心删减 340/347，保留 98 个数字
TSH-15  25.5% π 方案 1/1：贪心删减 341/347，保留 98 个数字
TSH-15  25.6% π 方案 1/1：贪心删减 342/347，保留 98 个数字
TSH-15  25.6% π 方案 1/1：贪心删减 343/347，保留 98 个数字
TSH-15  25.7% π 方案 1/1：贪心删减 344/347，保留 98 个数字
TSH-15  25.8% π 方案 1/1：贪心删减 345/347，保留 98 个数字
TSH-15  25.9% π 方案 1/1：贪心删减 346/347，保留 98 个数字
TSH-15  25.9% π 方案 1/1：贪心删减 347/347，保留 98 个数字
TSH-15 100.0% 生成完成
