[01/60] [3, 4, 3, 4] clues=29+0 score=0.0
[02/60] [4, 3, 4, 3] clues=29+0 score=0.0
[03/60] [3, 4, 5, 4, 3] clues=2+3 score=115.0
[04/60] [4, 5, 4, 5, 4] clues=50+0 score=0.0
[05/60] [4, 5, 6, 5, 4, 5] clues=68+0 score=0.0
[06/60] [5, 4, 5, 6, 5, 4] clues=68+0 score=0.0
[07/60] [3, 4, 3, 4] clues=29+0 score=0.0
[08/60] [4, 3, 4, 3] clues=2+2 score=101.8
[09/60] [3, 4, 5, 4, 3] clues=43+0 score=0.0
[10/60] [4, 5, 4, 5, 4] clues=50+0 score=0.0
[11/60] [4, 5, 6, 5, 4, 5] clues=68+0 score=0.0
[12/60] [5, 4, 5, 6, 5, 4] clues=68+0 score=0.0
[13/60] [3, 4, 3, 4] clues=29+0 score=0.0
[14/60] [4, 3, 4, 3] clues=29+0 score=0.0
[15/60] [3, 4, 5, 4, 3] clues=43+0 score=0.0
[16/60] [4, 5, 4, 5, 4] clues=50+0 score=0.0
[17/60] [4, 5, 6, 5, 4, 5] clues=68+0 score=12.6
[18/60] [5, 4, 5, 6, 5, 4] clues=68+0 score=0.0
[19/60] [3, 4, 3, 4] clues=3+0 score=117.9
[20/60] [4, 3, 4, 3] clues=3+0 score=117.9
[21/60] [3, 4, 5, 4, 3] clues=43+0 score=0.0
[22/60] [4, 5, 4, 5, 4] clues=50+0 score=0.0
[23/60] [4, 5, 6, 5, 4, 5] clues=68+0 score=0.0
[24/60] [5, 4, 5, 6, 5, 4] clues=68+0 score=0.0
[25/60] [3, 4, 3, 4] clues=3+2 score=111.8
[26/60] [4, 3, 4, 3] clues=2+3 score=115.4
[27/60] [3, 4, 5, 4, 3] clues=43+0 score=0.0
[28/60] [4, 5, 4, 5, 4] clues=50+0 score=0.0
[29/60] [4, 5, 6, 5, 4, 5] clues=68+0 score=0.0
[30/60] [5, 4, 5, 6, 5, 4] clues=68+0 score=0.0
[31/60] [3, 4, 3, 4] clues=29+0 score=0.0
[32/60] [4, 3, 4, 3] clues=29+0 score=0.0
[33/60] [3, 4, 5, 4, 3] clues=43+0 score=0.0
[34/60] [4, 5, 4, 5, 4] clues=50+0 score=0.0
[35/60] [4, 5, 6, 5, 4, 5] clues=68+0 score=0.0
[36/60] [5, 4, 5, 6, 5, 4] clues=68+0 score=0.0
[37/60] [3, 4, 3, 4] clues=29+0 score=0.0
[38/60] [4, 3, 4, 3] clues=3+0 score=117.9
[39/60] [3, 4, 5, 4, 3] clues=43+0 score=0.0
[40/60] [4, 5, 4, 5, 4] clues=50+0 score=0.0
[41/60] [4, 5, 6, 5, 4, 5] clues=68+0 score=0.0
[42/60] [5, 4, 5, 6, 5, 4] clues=68+0 score=0.0
[43/60] [3, 4, 3, 4] clues=29+0 score=0.0
[44/60] [4, 3, 4, 3] clues=29+0 score=0.0
[45/60] [3, 4, 5, 4, 3] clues=43+0 score=0.0
[46/60] [4, 5, 4, 5, 4] clues=50+0 score=0.0
[47/60] [4, 5, 6, 5, 4, 5] clues=68+0 score=0.0
[48/60] [5, 4, 5, 6, 5, 4] clues=68+0 score=0.0
[49/60] [3, 4, 3, 4] clues=29+0 score=0.0
[50/60] [4, 3, 4, 3] clues=3+0 score=117.9
[51/60] [3, 4, 5, 4, 3] clues=43+0 score=0.0
[52/60] [4, 5, 4, 5, 4] clues=50+0 score=0.0
[53/60] [4, 5, 6, 5, 4, 5] clues=68+0 score=0.0
[54/60] [5, 4, 5, 6, 5, 4] clues=68+0 score=0.0
[55/60] [3, 4, 3, 4] clues=29+0 score=0.0
[56/60] [4, 3, 4, 3] clues=29+0 score=34.5
[57/60] [3, 4, 5, 4, 3] clues=43+0 score=0.0
[58/60] [4, 5, 4, 5, 4] clues=50+0 score=0.0
[59/60] [4, 5, 6, 5, 4, 5] clues=68+0 score=0.0
[60/60] [5, 4, 5, 6, 5, 4] clues=68+0 score=0.0
